{"/Volumes/Files/VROTEBAL/app/configureStore.js": {"path":"/Volumes/Files/VROTEBAL/app/configureStore.js","statementMap":{"0":{"start":{"line":11,"column":25},"end":{"line":11,"column":32}},"1":{"start":{"line":12,"column":34},"end":{"line":12,"column":36}},"2":{"start":{"line":30,"column":25},"end":{"line":30,"column":70}},"3":{"start":{"line":35,"column":22},"end":{"line":35,"column":65}},"4":{"start":{"line":37,"column":20},"end":{"line":37,"column":53}},"5":{"start":{"line":39,"column":16},"end":{"line":43,"column":3}},"6":{"start":{"line":46,"column":2},"end":{"line":46,"column":37}},"7":{"start":{"line":47,"column":2},"end":{"line":47,"column":30}},"8":{"start":{"line":48,"column":2},"end":{"line":48,"column":27}},"9":{"start":{"line":58,"column":2},"end":{"line":58,"column":15}}},"fnMap":{"0":{"name":"configureStore","decl":{"start":{"line":10,"column":24},"end":{"line":10,"column":38}},"loc":{"start":{"line":10,"column":67},"end":{"line":59,"column":1}},"line":10}},"branchMap":{"0":{"loc":{"start":{"line":10,"column":39},"end":{"line":10,"column":56}},"type":"default-arg","locations":[{"start":{"line":10,"column":54},"end":{"line":10,"column":56}}],"line":10}},"s":{"0":47,"1":47,"2":47,"3":47,"4":47,"5":47,"6":47,"7":47,"8":47,"9":47},"f":{"0":47},"b":{"0":[1]},"_coverageSchema":"43e27e138ebf9cfc5966b082cf9a028302ed4184","hash":"e8e767b7c1561919304a9978bb89d206c41807c6"}
,"/Volumes/Files/VROTEBAL/app/i18n.js": {"path":"/Volumes/Files/VROTEBAL/app/i18n.js","statementMap":{"0":{"start":{"line":10,"column":22},"end":{"line":10,"column":57}},"1":{"start":{"line":11,"column":21},"end":{"line":11,"column":57}},"2":{"start":{"line":12,"column":21},"end":{"line":12,"column":57}},"3":{"start":{"line":14,"column":30},"end":{"line":14,"column":63}},"4":{"start":{"line":15,"column":30},"end":{"line":15,"column":63}},"5":{"start":{"line":17,"column":0},"end":{"line":17,"column":28}},"6":{"start":{"line":18,"column":0},"end":{"line":18,"column":28}},"7":{"start":{"line":20,"column":23},"end":{"line":20,"column":27}},"8":{"start":{"line":23,"column":19},"end":{"line":26,"column":1}},"9":{"start":{"line":28,"column":34},"end":{"line":41,"column":1}},"10":{"start":{"line":30,"column":4},"end":{"line":32,"column":10}},"11":{"start":{"line":33,"column":35},"end":{"line":39,"column":3}},"12":{"start":{"line":35,"column":6},"end":{"line":37,"column":23}},"13":{"start":{"line":38,"column":4},"end":{"line":38,"column":73}},"14":{"start":{"line":40,"column":2},"end":{"line":40,"column":68}},"15":{"start":{"line":43,"column":28},"end":{"line":46,"column":1}},"16":{"start":{"line":48,"column":0},"end":{"line":48,"column":32}},"17":{"start":{"line":49,"column":0},"end":{"line":49,"column":62}},"18":{"start":{"line":50,"column":0},"end":{"line":50,"column":50}},"19":{"start":{"line":51,"column":0},"end":{"line":51,"column":40}}},"fnMap":{"0":{"name":"(anonymous_0)","decl":{"start":{"line":28,"column":34},"end":{"line":28,"column":35}},"loc":{"start":{"line":28,"column":56},"end":{"line":41,"column":1}},"line":28},"1":{"name":"(anonymous_1)","decl":{"start":{"line":33,"column":35},"end":{"line":33,"column":36}},"loc":{"start":{"line":33,"column":63},"end":{"line":39,"column":3}},"line":33}},"branchMap":{"0":{"loc":{"start":{"line":30,"column":4},"end":{"line":32,"column":10}},"type":"cond-expr","locations":[{"start":{"line":31,"column":8},"end":{"line":31,"column":72}},{"start":{"line":32,"column":8},"end":{"line":32,"column":10}}],"line":30},"1":{"loc":{"start":{"line":35,"column":6},"end":{"line":37,"column":23}},"type":"cond-expr","locations":[{"start":{"line":36,"column":10},"end":{"line":36,"column":39}},{"start":{"line":37,"column":10},"end":{"line":37,"column":23}}],"line":35},"2":{"loc":{"start":{"line":35,"column":6},"end":{"line":35,"column":49}},"type":"binary-expr","locations":[{"start":{"line":35,"column":6},"end":{"line":35,"column":20}},{"start":{"line":35,"column":24},"end":{"line":35,"column":49}}],"line":35}},"s":{"0":20,"1":20,"2":20,"3":20,"4":20,"5":20,"6":20,"7":20,"8":20,"9":20,"10":63,"11":63,"12":1691,"13":1691,"14":63,"15":20,"16":20,"17":20,"18":20,"19":20},"f":{"0":63,"1":1691},"b":{"0":[21,42],"1":[161,1530],"2":[1691,161]},"_coverageSchema":"43e27e138ebf9cfc5966b082cf9a028302ed4184","hash":"47b79cd5b4e65cb8d6b758a7ad6ee3fa940b38ea"}
,"/Volumes/Files/VROTEBAL/app/reducers.js": {"path":"/Volumes/Files/VROTEBAL/app/reducers.js","statementMap":{"0":{"start":{"line":16,"column":22},"end":{"line":21,"column":4}},"1":{"start":{"line":23,"column":2},"end":{"line":23,"column":21}}},"fnMap":{"0":{"name":"createReducer","decl":{"start":{"line":15,"column":24},"end":{"line":15,"column":37}},"loc":{"start":{"line":15,"column":61},"end":{"line":24,"column":1}},"line":15}},"branchMap":{"0":{"loc":{"start":{"line":15,"column":38},"end":{"line":15,"column":59}},"type":"default-arg","locations":[{"start":{"line":15,"column":57},"end":{"line":15,"column":59}}],"line":15}},"s":{"0":53,"1":53},"f":{"0":53},"b":{"0":[47]},"_coverageSchema":"43e27e138ebf9cfc5966b082cf9a028302ed4184","hash":"50409e16d7e0673043494fa87fc47b7cd9035ea6"}
,"/Volumes/Files/VROTEBAL/app/components/A/index.js": {"path":"/Volumes/Files/VROTEBAL/app/components/A/index.js","statementMap":{"0":{"start":{"line":7,"column":10},"end":{"line":13,"column":1}}},"fnMap":{},"branchMap":{},"s":{"0":10},"f":{},"b":{},"_coverageSchema":"43e27e138ebf9cfc5966b082cf9a028302ed4184","hash":"9c1a2f847ee3ab82bb0af6747610ff74b1d8f0f4"}
,"/Volumes/Files/VROTEBAL/app/components/Button/A.js": {"path":"/Volumes/Files/VROTEBAL/app/components/Button/A.js","statementMap":{"0":{"start":{"line":5,"column":10},"end":{"line":7,"column":1}}},"fnMap":{},"branchMap":{},"s":{"0":2},"f":{},"b":{},"_coverageSchema":"43e27e138ebf9cfc5966b082cf9a028302ed4184","hash":"e6cb099b4bdca213b52dcc67d3ae6f845f1ecd89"}
,"/Volumes/Files/VROTEBAL/app/components/Button/StyledButton.js": {"path":"/Volumes/Files/VROTEBAL/app/components/Button/StyledButton.js","statementMap":{"0":{"start":{"line":5,"column":21},"end":{"line":7,"column":1}}},"fnMap":{},"branchMap":{},"s":{"0":2},"f":{},"b":{},"_coverageSchema":"43e27e138ebf9cfc5966b082cf9a028302ed4184","hash":"85222efaa2eeccee77c20a4fddd110aa92761154"}
,"/Volumes/Files/VROTEBAL/app/components/Button/Wrapper.js": {"path":"/Volumes/Files/VROTEBAL/app/components/Button/Wrapper.js","statementMap":{"0":{"start":{"line":3,"column":16},"end":{"line":7,"column":1}}},"fnMap":{},"branchMap":{},"s":{"0":2},"f":{},"b":{},"_coverageSchema":"43e27e138ebf9cfc5966b082cf9a028302ed4184","hash":"00cc951d2aafa3f5b4ac1a3095b07a8194b49525"}
,"/Volumes/Files/VROTEBAL/app/components/Button/buttonStyles.js": {"path":"/Volumes/Files/VROTEBAL/app/components/Button/buttonStyles.js","statementMap":{"0":{"start":{"line":3,"column":21},"end":{"line":24,"column":1}}},"fnMap":{},"branchMap":{},"s":{"0":3},"f":{},"b":{},"_coverageSchema":"43e27e138ebf9cfc5966b082cf9a028302ed4184","hash":"e9c33c22dc44e4eaf2a9eca2694ab407af4a4e96"}
,"/Volumes/Files/VROTEBAL/app/components/Button/index.js": {"path":"/Volumes/Files/VROTEBAL/app/components/Button/index.js","statementMap":{"0":{"start":{"line":19,"column":4},"end":{"line":21,"column":8}},"1":{"start":{"line":25,"column":2},"end":{"line":31,"column":3}},"2":{"start":{"line":26,"column":4},"end":{"line":30,"column":6}},"3":{"start":{"line":33,"column":2},"end":{"line":33,"column":37}},"4":{"start":{"line":36,"column":0},"end":{"line":41,"column":2}}},"fnMap":{"0":{"name":"Button","decl":{"start":{"line":16,"column":9},"end":{"line":16,"column":15}},"loc":{"start":{"line":16,"column":23},"end":{"line":34,"column":1}},"line":16}},"branchMap":{"0":{"loc":{"start":{"line":25,"column":2},"end":{"line":31,"column":3}},"type":"if","locations":[{"start":{"line":25,"column":2},"end":{"line":31,"column":3}},{"start":{"line":25,"column":2},"end":{"line":31,"column":3}}],"line":25}},"s":{"0":7,"1":7,"2":2,"3":7,"4":1},"f":{"0":7},"b":{"0":[2,5]},"_coverageSchema":"43e27e138ebf9cfc5966b082cf9a028302ed4184","hash":"8b773ef8e27d4b6e74f021ab3e3b64be2e1cec1b"}
,"/Volumes/Files/VROTEBAL/app/components/Footer/Wrapper.js": {"path":"/Volumes/Files/VROTEBAL/app/components/Footer/Wrapper.js","statementMap":{"0":{"start":{"line":3,"column":16},"end":{"line":8,"column":1}}},"fnMap":{},"branchMap":{},"s":{"0":3},"f":{},"b":{},"_coverageSchema":"43e27e138ebf9cfc5966b082cf9a028302ed4184","hash":"33eadd36b8e1d8ce00cd8d19637bc288e16a9a3d"}
,"/Volumes/Files/VROTEBAL/app/components/Footer/index.js": {"path":"/Volumes/Files/VROTEBAL/app/components/Footer/index.js","statementMap":{"0":{"start":{"line":10,"column":2},"end":{"line":27,"column":4}}},"fnMap":{"0":{"name":"Footer","decl":{"start":{"line":9,"column":9},"end":{"line":9,"column":15}},"loc":{"start":{"line":9,"column":18},"end":{"line":28,"column":1}},"line":9}},"branchMap":{},"s":{"0":1},"f":{"0":1},"b":{},"_coverageSchema":"43e27e138ebf9cfc5966b082cf9a028302ed4184","hash":"b4910bfc1f389c0c3fa9ad493e51b31586e562f3"}
,"/Volumes/Files/VROTEBAL/app/components/Footer/messages.js": {"path":"/Volumes/Files/VROTEBAL/app/components/Footer/messages.js","statementMap":{"0":{"start":{"line":8,"column":21},"end":{"line":8,"column":52}}},"fnMap":{},"branchMap":{},"s":{"0":2},"f":{},"b":{},"_coverageSchema":"43e27e138ebf9cfc5966b082cf9a028302ed4184","hash":"66d7e79d281d9ae73a8160602f9dacc317cbc470"}
,"/Volumes/Files/VROTEBAL/app/components/H1/index.js": {"path":"/Volumes/Files/VROTEBAL/app/components/H1/index.js","statementMap":{"0":{"start":{"line":3,"column":11},"end":{"line":6,"column":1}}},"fnMap":{},"branchMap":{},"s":{"0":3},"f":{},"b":{},"_coverageSchema":"43e27e138ebf9cfc5966b082cf9a028302ed4184","hash":"2248b5ed567d677d9f5c33a25813b313fb11a3d3"}
,"/Volumes/Files/VROTEBAL/app/components/H2/index.js": {"path":"/Volumes/Files/VROTEBAL/app/components/H2/index.js","statementMap":{"0":{"start":{"line":3,"column":11},"end":{"line":5,"column":1}}},"fnMap":{},"branchMap":{},"s":{"0":2},"f":{},"b":{},"_coverageSchema":"43e27e138ebf9cfc5966b082cf9a028302ed4184","hash":"e4504fd078358f1fce47b59248fe23095bea401f"}
,"/Volumes/Files/VROTEBAL/app/components/H3/index.js": {"path":"/Volumes/Files/VROTEBAL/app/components/H3/index.js","statementMap":{"0":{"start":{"line":4,"column":2},"end":{"line":4,"column":27}}},"fnMap":{"0":{"name":"H3","decl":{"start":{"line":3,"column":9},"end":{"line":3,"column":11}},"loc":{"start":{"line":3,"column":19},"end":{"line":5,"column":1}},"line":3}},"branchMap":{},"s":{"0":2},"f":{"0":2},"b":{},"_coverageSchema":"43e27e138ebf9cfc5966b082cf9a028302ed4184","hash":"76fd550fff67cae4ec86e3998325ef1fbf60ae02"}
,"/Volumes/Files/VROTEBAL/app/components/Header/A.js": {"path":"/Volumes/Files/VROTEBAL/app/components/Header/A.js","statementMap":{"0":{"start":{"line":4,"column":10},"end":{"line":6,"column":1}}},"fnMap":{},"branchMap":{},"s":{"0":3},"f":{},"b":{},"_coverageSchema":"43e27e138ebf9cfc5966b082cf9a028302ed4184","hash":"543e63bf3b8dd5c8923ce40404c88fae460985be"}
,"/Volumes/Files/VROTEBAL/app/components/Header/HeaderLink.js": {"path":"/Volumes/Files/VROTEBAL/app/components/Header/HeaderLink.js","statementMap":{},"fnMap":{},"branchMap":{},"s":{},"f":{},"b":{},"_coverageSchema":"43e27e138ebf9cfc5966b082cf9a028302ed4184","hash":"5ea9022a6dde10195da05d14a54eef124bd224db"}
,"/Volumes/Files/VROTEBAL/app/components/Header/Img.js": {"path":"/Volumes/Files/VROTEBAL/app/components/Header/Img.js","statementMap":{"0":{"start":{"line":5,"column":12},"end":{"line":9,"column":1}}},"fnMap":{},"branchMap":{},"s":{"0":3},"f":{},"b":{},"_coverageSchema":"43e27e138ebf9cfc5966b082cf9a028302ed4184","hash":"2e1dd85368d17a0fac6f280051b31fb45a1821ee"}
,"/Volumes/Files/VROTEBAL/app/components/Header/NavBar.js": {"path":"/Volumes/Files/VROTEBAL/app/components/Header/NavBar.js","statementMap":{},"fnMap":{},"branchMap":{},"s":{},"f":{},"b":{},"_coverageSchema":"43e27e138ebf9cfc5966b082cf9a028302ed4184","hash":"bcc0a19da5ac230cb41d3eba35a1d25498972e5f"}
,"/Volumes/Files/VROTEBAL/app/components/Header/index.js": {"path":"/Volumes/Files/VROTEBAL/app/components/Header/index.js","statementMap":{"0":{"start":{"line":12,"column":2},"end":{"line":26,"column":4}}},"fnMap":{"0":{"name":"Header","decl":{"start":{"line":11,"column":9},"end":{"line":11,"column":15}},"loc":{"start":{"line":11,"column":18},"end":{"line":27,"column":1}},"line":11}},"branchMap":{},"s":{"0":1},"f":{"0":1},"b":{},"_coverageSchema":"43e27e138ebf9cfc5966b082cf9a028302ed4184","hash":"d2631eeef6519d48e6a6893ec74350e3138fb2ab"}
,"/Volumes/Files/VROTEBAL/app/components/Header/messages.js": {"path":"/Volumes/Files/VROTEBAL/app/components/Header/messages.js","statementMap":{"0":{"start":{"line":8,"column":21},"end":{"line":8,"column":52}}},"fnMap":{},"branchMap":{},"s":{"0":2},"f":{},"b":{},"_coverageSchema":"43e27e138ebf9cfc5966b082cf9a028302ed4184","hash":"f797f3ca94da970cc0d52ae8115b79f192c64d99"}
,"/Volumes/Files/VROTEBAL/app/components/Img/index.js": {"path":"/Volumes/Files/VROTEBAL/app/components/Img/index.js","statementMap":{"0":{"start":{"line":12,"column":2},"end":{"line":12,"column":77}},"1":{"start":{"line":16,"column":0},"end":{"line":20,"column":2}}},"fnMap":{"0":{"name":"Img","decl":{"start":{"line":11,"column":9},"end":{"line":11,"column":12}},"loc":{"start":{"line":11,"column":20},"end":{"line":13,"column":1}},"line":11}},"branchMap":{},"s":{"0":11,"1":4},"f":{"0":11},"b":{},"_coverageSchema":"43e27e138ebf9cfc5966b082cf9a028302ed4184","hash":"4e653d7c2ddf09e67378db1981f49873b4d4b489"}
,"/Volumes/Files/VROTEBAL/app/components/IssueIcon/index.js": {"path":"/Volumes/Files/VROTEBAL/app/components/IssueIcon/index.js","statementMap":{"0":{"start":{"line":5,"column":2},"end":{"line":9,"column":4}},"1":{"start":{"line":12,"column":0},"end":{"line":14,"column":2}}},"fnMap":{"0":{"name":"IssueIcon","decl":{"start":{"line":4,"column":9},"end":{"line":4,"column":18}},"loc":{"start":{"line":4,"column":26},"end":{"line":10,"column":1}},"line":4}},"branchMap":{},"s":{"0":12,"1":5},"f":{"0":12},"b":{},"_coverageSchema":"43e27e138ebf9cfc5966b082cf9a028302ed4184","hash":"2b755ad6e92ff35bbd59269833aa051c1fb1f2a8"}
,"/Volumes/Files/VROTEBAL/app/components/List/Ul.js": {"path":"/Volumes/Files/VROTEBAL/app/components/List/Ul.js","statementMap":{"0":{"start":{"line":3,"column":11},"end":{"line":10,"column":1}}},"fnMap":{},"branchMap":{},"s":{"0":4},"f":{},"b":{},"_coverageSchema":"43e27e138ebf9cfc5966b082cf9a028302ed4184","hash":"fdd958edb596770b3317881ebb68a934ce57ddb4"}
,"/Volumes/Files/VROTEBAL/app/components/List/Wrapper.js": {"path":"/Volumes/Files/VROTEBAL/app/components/List/Wrapper.js","statementMap":{"0":{"start":{"line":3,"column":16},"end":{"line":11,"column":1}}},"fnMap":{},"branchMap":{},"s":{"0":4},"f":{},"b":{},"_coverageSchema":"43e27e138ebf9cfc5966b082cf9a028302ed4184","hash":"33907df167eb070078caa7328e3b485772bfd474"}
,"/Volumes/Files/VROTEBAL/app/components/List/index.js": {"path":"/Volumes/Files/VROTEBAL/app/components/List/index.js","statementMap":{"0":{"start":{"line":8,"column":28},"end":{"line":8,"column":43}},"1":{"start":{"line":9,"column":16},"end":{"line":9,"column":23}},"2":{"start":{"line":12,"column":2},"end":{"line":19,"column":3}},"3":{"start":{"line":13,"column":4},"end":{"line":15,"column":7}},"4":{"start":{"line":14,"column":6},"end":{"line":14,"column":63}},"5":{"start":{"line":18,"column":4},"end":{"line":18,"column":36}},"6":{"start":{"line":21,"column":2},"end":{"line":25,"column":4}},"7":{"start":{"line":28,"column":0},"end":{"line":31,"column":2}}},"fnMap":{"0":{"name":"List","decl":{"start":{"line":7,"column":9},"end":{"line":7,"column":13}},"loc":{"start":{"line":7,"column":21},"end":{"line":26,"column":1}},"line":7},"1":{"name":"(anonymous_1)","decl":{"start":{"line":13,"column":30},"end":{"line":13,"column":31}},"loc":{"start":{"line":14,"column":6},"end":{"line":14,"column":63}},"line":14}},"branchMap":{"0":{"loc":{"start":{"line":12,"column":2},"end":{"line":19,"column":3}},"type":"if","locations":[{"start":{"line":12,"column":2},"end":{"line":19,"column":3}},{"start":{"line":12,"column":2},"end":{"line":19,"column":3}}],"line":12}},"s":{"0":9,"1":9,"2":9,"3":3,"4":3,"5":6,"6":9,"7":3},"f":{"0":9,"1":3},"b":{"0":[3,6]},"_coverageSchema":"43e27e138ebf9cfc5966b082cf9a028302ed4184","hash":"f086983901d464491a1ca4a84d2d0d6eb63ab966"}
,"/Volumes/Files/VROTEBAL/app/components/ListItem/Item.js": {"path":"/Volumes/Files/VROTEBAL/app/components/ListItem/Item.js","statementMap":{"0":{"start":{"line":3,"column":13},"end":{"line":9,"column":1}}},"fnMap":{},"branchMap":{},"s":{"0":5},"f":{},"b":{},"_coverageSchema":"43e27e138ebf9cfc5966b082cf9a028302ed4184","hash":"6defd4bee45259eaa4039b67067a8202f5261c43"}
,"/Volumes/Files/VROTEBAL/app/components/ListItem/Wrapper.js": {"path":"/Volumes/Files/VROTEBAL/app/components/ListItem/Wrapper.js","statementMap":{"0":{"start":{"line":3,"column":16},"end":{"line":14,"column":1}}},"fnMap":{},"branchMap":{},"s":{"0":5},"f":{},"b":{},"_coverageSchema":"43e27e138ebf9cfc5966b082cf9a028302ed4184","hash":"135c11b9e9eff93d42693e9840a0ebe8faa1f491"}
,"/Volumes/Files/VROTEBAL/app/components/ListItem/index.js": {"path":"/Volumes/Files/VROTEBAL/app/components/ListItem/index.js","statementMap":{"0":{"start":{"line":8,"column":2},"end":{"line":12,"column":4}},"1":{"start":{"line":15,"column":0},"end":{"line":17,"column":2}}},"fnMap":{"0":{"name":"ListItem","decl":{"start":{"line":7,"column":9},"end":{"line":7,"column":17}},"loc":{"start":{"line":7,"column":25},"end":{"line":13,"column":1}},"line":7}},"branchMap":{},"s":{"0":13,"1":4},"f":{"0":13},"b":{},"_coverageSchema":"43e27e138ebf9cfc5966b082cf9a028302ed4184","hash":"04d4375a708d76a854be5be706f62fdc99195b32"}
,"/Volumes/Files/VROTEBAL/app/components/LoadingIndicator/Circle.js": {"path":"/Volumes/Files/VROTEBAL/app/components/LoadingIndicator/Circle.js","statementMap":{"0":{"start":{"line":5,"column":24},"end":{"line":15,"column":1}},"1":{"start":{"line":17,"column":15},"end":{"line":46,"column":1}},"2":{"start":{"line":18,"column":26},"end":{"line":44,"column":3}},"3":{"start":{"line":45,"column":2},"end":{"line":45,"column":29}},"4":{"start":{"line":48,"column":0},"end":{"line":51,"column":2}}},"fnMap":{"0":{"name":"(anonymous_0)","decl":{"start":{"line":17,"column":15},"end":{"line":17,"column":16}},"loc":{"start":{"line":17,"column":24},"end":{"line":46,"column":1}},"line":17}},"branchMap":{"0":{"loc":{"start":{"line":24,"column":6},"end":{"line":29,"column":5}},"type":"binary-expr","locations":[{"start":{"line":24,"column":6},"end":{"line":24,"column":18}},{"start":{"line":25,"column":6},"end":{"line":29,"column":5}}],"line":24},"1":{"loc":{"start":{"line":38,"column":8},"end":{"line":42,"column":7}},"type":"binary-expr","locations":[{"start":{"line":38,"column":8},"end":{"line":38,"column":19}},{"start":{"line":39,"column":8},"end":{"line":42,"column":7}}],"line":38}},"s":{"0":6,"1":6,"2":27,"3":27,"4":6},"f":{"0":27},"b":{"0":[27,22],"1":[27,22]},"_coverageSchema":"43e27e138ebf9cfc5966b082cf9a028302ed4184","hash":"15fdf80841b55eb7a84e93c59fd90ecc386efae8"}
,"/Volumes/Files/VROTEBAL/app/components/LoadingIndicator/Wrapper.js": {"path":"/Volumes/Files/VROTEBAL/app/components/LoadingIndicator/Wrapper.js","statementMap":{"0":{"start":{"line":3,"column":16},"end":{"line":8,"column":1}}},"fnMap":{},"branchMap":{},"s":{"0":6},"f":{},"b":{},"_coverageSchema":"43e27e138ebf9cfc5966b082cf9a028302ed4184","hash":"13684ee976cfe4eb0139d021df566d86c2d51ce2"}
,"/Volumes/Files/VROTEBAL/app/components/LoadingIndicator/index.js": {"path":"/Volumes/Files/VROTEBAL/app/components/LoadingIndicator/index.js","statementMap":{"0":{"start":{"line":6,"column":25},"end":{"line":21,"column":1}},"1":{"start":{"line":7,"column":2},"end":{"line":20,"column":12}}},"fnMap":{"0":{"name":"(anonymous_0)","decl":{"start":{"line":6,"column":25},"end":{"line":6,"column":26}},"loc":{"start":{"line":7,"column":2},"end":{"line":20,"column":12}},"line":7}},"branchMap":{},"s":{"0":5,"1":2},"f":{"0":2},"b":{},"_coverageSchema":"43e27e138ebf9cfc5966b082cf9a028302ed4184","hash":"84b2e9f39279fb4732ef1976aa7c9c2122bac061"}
,"/Volumes/Files/VROTEBAL/app/components/ReposList/index.js": {"path":"/Volumes/Files/VROTEBAL/app/components/ReposList/index.js","statementMap":{"0":{"start":{"line":10,"column":2},"end":{"line":12,"column":3}},"1":{"start":{"line":11,"column":4},"end":{"line":11,"column":49}},"2":{"start":{"line":14,"column":2},"end":{"line":19,"column":3}},"3":{"start":{"line":15,"column":27},"end":{"line":17,"column":5}},"4":{"start":{"line":16,"column":6},"end":{"line":16,"column":65}},"5":{"start":{"line":18,"column":4},"end":{"line":18,"column":47}},"6":{"start":{"line":21,"column":2},"end":{"line":23,"column":3}},"7":{"start":{"line":22,"column":4},"end":{"line":22,"column":59}},"8":{"start":{"line":25,"column":2},"end":{"line":25,"column":14}},"9":{"start":{"line":28,"column":0},"end":{"line":32,"column":2}}},"fnMap":{"0":{"name":"ReposList","decl":{"start":{"line":9,"column":9},"end":{"line":9,"column":18}},"loc":{"start":{"line":9,"column":46},"end":{"line":26,"column":1}},"line":9},"1":{"name":"(anonymous_1)","decl":{"start":{"line":15,"column":27},"end":{"line":15,"column":28}},"loc":{"start":{"line":16,"column":6},"end":{"line":16,"column":65}},"line":16}},"branchMap":{"0":{"loc":{"start":{"line":10,"column":2},"end":{"line":12,"column":3}},"type":"if","locations":[{"start":{"line":10,"column":2},"end":{"line":12,"column":3}},{"start":{"line":10,"column":2},"end":{"line":12,"column":3}}],"line":10},"1":{"loc":{"start":{"line":14,"column":2},"end":{"line":19,"column":3}},"type":"if","locations":[{"start":{"line":14,"column":2},"end":{"line":19,"column":3}},{"start":{"line":14,"column":2},"end":{"line":19,"column":3}}],"line":14},"2":{"loc":{"start":{"line":21,"column":2},"end":{"line":23,"column":3}},"type":"if","locations":[{"start":{"line":21,"column":2},"end":{"line":23,"column":3}},{"start":{"line":21,"column":2},"end":{"line":23,"column":3}}],"line":21}},"s":{"0":8,"1":1,"2":7,"3":4,"4":4,"5":4,"6":3,"7":2,"8":1,"9":2},"f":{"0":8,"1":4},"b":{"0":[1,7],"1":[4,3],"2":[2,1]},"_coverageSchema":"43e27e138ebf9cfc5966b082cf9a028302ed4184","hash":"f49788325a8399bf3a388c5f5f66dc6471cfdb84"}
,"/Volumes/Files/VROTEBAL/app/components/Toggle/Select.js": {"path":"/Volumes/Files/VROTEBAL/app/components/Toggle/Select.js","statementMap":{"0":{"start":{"line":3,"column":15},"end":{"line":7,"column":1}}},"fnMap":{},"branchMap":{},"s":{"0":5},"f":{},"b":{},"_coverageSchema":"43e27e138ebf9cfc5966b082cf9a028302ed4184","hash":"040e3b6f05608b569bf1b6764ac187aa13082233"}
,"/Volumes/Files/VROTEBAL/app/components/Toggle/index.js": {"path":"/Volumes/Files/VROTEBAL/app/components/Toggle/index.js","statementMap":{"0":{"start":{"line":14,"column":16},"end":{"line":14,"column":35}},"1":{"start":{"line":17,"column":2},"end":{"line":21,"column":3}},"2":{"start":{"line":18,"column":4},"end":{"line":20,"column":7}},"3":{"start":{"line":19,"column":6},"end":{"line":19,"column":80}},"4":{"start":{"line":23,"column":2},"end":{"line":27,"column":4}},"5":{"start":{"line":30,"column":0},"end":{"line":35,"column":2}}},"fnMap":{"0":{"name":"Toggle","decl":{"start":{"line":13,"column":9},"end":{"line":13,"column":15}},"loc":{"start":{"line":13,"column":23},"end":{"line":28,"column":1}},"line":13},"1":{"name":"(anonymous_1)","decl":{"start":{"line":18,"column":31},"end":{"line":18,"column":32}},"loc":{"start":{"line":19,"column":6},"end":{"line":19,"column":80}},"line":19}},"branchMap":{"0":{"loc":{"start":{"line":17,"column":2},"end":{"line":21,"column":3}},"type":"if","locations":[{"start":{"line":17,"column":2},"end":{"line":21,"column":3}},{"start":{"line":17,"column":2},"end":{"line":21,"column":3}}],"line":17}},"s":{"0":5,"1":5,"2":4,"3":8,"4":5,"5":4},"f":{"0":5,"1":8},"b":{"0":[4,1]},"_coverageSchema":"43e27e138ebf9cfc5966b082cf9a028302ed4184","hash":"72e3b5545fc7be10f790cb716346023b302d8f96"}
,"/Volumes/Files/VROTEBAL/app/components/ToggleOption/index.js": {"path":"/Volumes/Files/VROTEBAL/app/components/ToggleOption/index.js","statementMap":{"0":{"start":{"line":11,"column":21},"end":{"line":13,"column":1}},"1":{"start":{"line":12,"column":2},"end":{"line":12,"column":80}},"2":{"start":{"line":15,"column":0},"end":{"line":19,"column":2}}},"fnMap":{"0":{"name":"(anonymous_0)","decl":{"start":{"line":11,"column":21},"end":{"line":11,"column":22}},"loc":{"start":{"line":12,"column":2},"end":{"line":12,"column":80}},"line":12}},"branchMap":{"0":{"loc":{"start":{"line":12,"column":25},"end":{"line":12,"column":70}},"type":"cond-expr","locations":[{"start":{"line":12,"column":35},"end":{"line":12,"column":62}},{"start":{"line":12,"column":65},"end":{"line":12,"column":70}}],"line":12}},"s":{"0":5,"1":10,"2":5},"f":{"0":10},"b":{"0":[9,1]},"_coverageSchema":"43e27e138ebf9cfc5966b082cf9a028302ed4184","hash":"bb021a6f6eeee0d141050356a2a534c7ee1a9aec"}
,"/Volumes/Files/VROTEBAL/app/containers/App/actions.js": {"path":"/Volumes/Files/VROTEBAL/app/containers/App/actions.js","statementMap":{"0":{"start":{"line":26,"column":2},"end":{"line":28,"column":4}},"1":{"start":{"line":40,"column":2},"end":{"line":44,"column":4}},"2":{"start":{"line":55,"column":2},"end":{"line":58,"column":4}}},"fnMap":{"0":{"name":"loadRepos","decl":{"start":{"line":25,"column":16},"end":{"line":25,"column":25}},"loc":{"start":{"line":25,"column":28},"end":{"line":29,"column":1}},"line":25},"1":{"name":"reposLoaded","decl":{"start":{"line":39,"column":16},"end":{"line":39,"column":27}},"loc":{"start":{"line":39,"column":45},"end":{"line":45,"column":1}},"line":39},"2":{"name":"repoLoadingError","decl":{"start":{"line":54,"column":16},"end":{"line":54,"column":32}},"loc":{"start":{"line":54,"column":40},"end":{"line":59,"column":1}},"line":54}},"branchMap":{},"s":{"0":5,"1":4,"2":4},"f":{"0":5,"1":4,"2":4},"b":{},"_coverageSchema":"43e27e138ebf9cfc5966b082cf9a028302ed4184","hash":"74bb259f84d4f80d5600d26460a4440565f64d69"}
,"/Volumes/Files/VROTEBAL/app/containers/App/constants.js": {"path":"/Volumes/Files/VROTEBAL/app/containers/App/constants.js","statementMap":{"0":{"start":{"line":12,"column":26},"end":{"line":12,"column":54}},"1":{"start":{"line":13,"column":34},"end":{"line":13,"column":70}},"2":{"start":{"line":14,"column":32},"end":{"line":14,"column":66}}},"fnMap":{},"branchMap":{},"s":{"0":17,"1":17,"2":17},"f":{},"b":{},"_coverageSchema":"43e27e138ebf9cfc5966b082cf9a028302ed4184","hash":"0eca1aece65db8093616321099e03c7976cab573"}
,"/Volumes/Files/VROTEBAL/app/containers/App/index.js": {"path":"/Volumes/Files/VROTEBAL/app/containers/App/index.js","statementMap":{"0":{"start":{"line":22,"column":19},"end":{"line":29,"column":1}},"1":{"start":{"line":32,"column":2},"end":{"line":49,"column":4}}},"fnMap":{"0":{"name":"App","decl":{"start":{"line":31,"column":24},"end":{"line":31,"column":27}},"loc":{"start":{"line":31,"column":30},"end":{"line":50,"column":1}},"line":31}},"branchMap":{},"s":{"0":1,"1":1},"f":{"0":1},"b":{},"_coverageSchema":"43e27e138ebf9cfc5966b082cf9a028302ed4184","hash":"1f85229529f89550ad16e7008c6b95be46546451"}
,"/Volumes/Files/VROTEBAL/app/containers/App/reducer.js": {"path":"/Volumes/Files/VROTEBAL/app/containers/App/reducer.js","statementMap":{"0":{"start":{"line":14,"column":28},"end":{"line":21,"column":1}},"1":{"start":{"line":24,"column":19},"end":{"line":44,"column":4}},"2":{"start":{"line":25,"column":2},"end":{"line":44,"column":4}},"3":{"start":{"line":26,"column":4},"end":{"line":43,"column":5}},"4":{"start":{"line":28,"column":8},"end":{"line":28,"column":29}},"5":{"start":{"line":29,"column":8},"end":{"line":29,"column":28}},"6":{"start":{"line":30,"column":8},"end":{"line":30,"column":44}},"7":{"start":{"line":31,"column":8},"end":{"line":31,"column":14}},"8":{"start":{"line":34,"column":8},"end":{"line":34,"column":51}},"9":{"start":{"line":35,"column":8},"end":{"line":35,"column":30}},"10":{"start":{"line":36,"column":8},"end":{"line":36,"column":44}},"11":{"start":{"line":37,"column":8},"end":{"line":37,"column":14}},"12":{"start":{"line":40,"column":8},"end":{"line":40,"column":35}},"13":{"start":{"line":41,"column":8},"end":{"line":41,"column":30}},"14":{"start":{"line":42,"column":8},"end":{"line":42,"column":14}}},"fnMap":{"0":{"name":"(anonymous_0)","decl":{"start":{"line":24,"column":19},"end":{"line":24,"column":20}},"loc":{"start":{"line":25,"column":2},"end":{"line":44,"column":4}},"line":25},"1":{"name":"(anonymous_1)","decl":{"start":{"line":25,"column":17},"end":{"line":25,"column":18}},"loc":{"start":{"line":25,"column":26},"end":{"line":44,"column":3}},"line":25}},"branchMap":{"0":{"loc":{"start":{"line":24,"column":20},"end":{"line":24,"column":40}},"type":"default-arg","locations":[{"start":{"line":24,"column":28},"end":{"line":24,"column":40}}],"line":24},"1":{"loc":{"start":{"line":26,"column":4},"end":{"line":43,"column":5}},"type":"switch","locations":[{"start":{"line":27,"column":6},"end":{"line":31,"column":14}},{"start":{"line":33,"column":6},"end":{"line":37,"column":14}},{"start":{"line":39,"column":6},"end":{"line":42,"column":14}}],"line":26}},"s":{"0":15,"1":15,"2":169,"3":169,"4":1,"5":1,"6":1,"7":1,"8":1,"9":1,"10":1,"11":1,"12":1,"13":1,"14":1},"f":{"0":169,"1":169},"b":{"0":[153],"1":[1,1,1]},"_coverageSchema":"43e27e138ebf9cfc5966b082cf9a028302ed4184","hash":"388716c220bd852dc0a0fe9569a5adb8cefd3209"}
,"/Volumes/Files/VROTEBAL/app/containers/App/selectors.js": {"path":"/Volumes/Files/VROTEBAL/app/containers/App/selectors.js","statementMap":{"0":{"start":{"line":8,"column":21},"end":{"line":8,"column":58}},"1":{"start":{"line":8,"column":30},"end":{"line":8,"column":58}},"2":{"start":{"line":10,"column":21},"end":{"line":10,"column":42}},"3":{"start":{"line":10,"column":30},"end":{"line":10,"column":42}},"4":{"start":{"line":12,"column":30},"end":{"line":16,"column":3}},"5":{"start":{"line":13,"column":2},"end":{"line":16,"column":3}},"6":{"start":{"line":15,"column":19},"end":{"line":15,"column":42}},"7":{"start":{"line":18,"column":26},"end":{"line":22,"column":3}},"8":{"start":{"line":19,"column":2},"end":{"line":22,"column":3}},"9":{"start":{"line":21,"column":19},"end":{"line":21,"column":38}},"10":{"start":{"line":24,"column":24},"end":{"line":28,"column":3}},"11":{"start":{"line":25,"column":2},"end":{"line":28,"column":3}},"12":{"start":{"line":27,"column":19},"end":{"line":27,"column":36}},"13":{"start":{"line":30,"column":24},"end":{"line":34,"column":3}},"14":{"start":{"line":31,"column":2},"end":{"line":34,"column":3}},"15":{"start":{"line":33,"column":19},"end":{"line":33,"column":52}},"16":{"start":{"line":36,"column":27},"end":{"line":40,"column":3}},"17":{"start":{"line":37,"column":2},"end":{"line":40,"column":3}},"18":{"start":{"line":39,"column":19},"end":{"line":39,"column":39}}},"fnMap":{"0":{"name":"(anonymous_0)","decl":{"start":{"line":8,"column":21},"end":{"line":8,"column":22}},"loc":{"start":{"line":8,"column":30},"end":{"line":8,"column":58}},"line":8},"1":{"name":"(anonymous_1)","decl":{"start":{"line":10,"column":21},"end":{"line":10,"column":22}},"loc":{"start":{"line":10,"column":30},"end":{"line":10,"column":42}},"line":10},"2":{"name":"(anonymous_2)","decl":{"start":{"line":12,"column":30},"end":{"line":12,"column":31}},"loc":{"start":{"line":13,"column":2},"end":{"line":16,"column":3}},"line":13},"3":{"name":"(anonymous_3)","decl":{"start":{"line":15,"column":4},"end":{"line":15,"column":5}},"loc":{"start":{"line":15,"column":19},"end":{"line":15,"column":42}},"line":15},"4":{"name":"(anonymous_4)","decl":{"start":{"line":18,"column":26},"end":{"line":18,"column":27}},"loc":{"start":{"line":19,"column":2},"end":{"line":22,"column":3}},"line":19},"5":{"name":"(anonymous_5)","decl":{"start":{"line":21,"column":4},"end":{"line":21,"column":5}},"loc":{"start":{"line":21,"column":19},"end":{"line":21,"column":38}},"line":21},"6":{"name":"(anonymous_6)","decl":{"start":{"line":24,"column":24},"end":{"line":24,"column":25}},"loc":{"start":{"line":25,"column":2},"end":{"line":28,"column":3}},"line":25},"7":{"name":"(anonymous_7)","decl":{"start":{"line":27,"column":4},"end":{"line":27,"column":5}},"loc":{"start":{"line":27,"column":19},"end":{"line":27,"column":36}},"line":27},"8":{"name":"(anonymous_8)","decl":{"start":{"line":30,"column":24},"end":{"line":30,"column":25}},"loc":{"start":{"line":31,"column":2},"end":{"line":34,"column":3}},"line":31},"9":{"name":"(anonymous_9)","decl":{"start":{"line":33,"column":4},"end":{"line":33,"column":5}},"loc":{"start":{"line":33,"column":19},"end":{"line":33,"column":52}},"line":33},"10":{"name":"(anonymous_10)","decl":{"start":{"line":36,"column":27},"end":{"line":36,"column":28}},"loc":{"start":{"line":37,"column":2},"end":{"line":40,"column":3}},"line":37},"11":{"name":"(anonymous_11)","decl":{"start":{"line":39,"column":4},"end":{"line":39,"column":5}},"loc":{"start":{"line":39,"column":19},"end":{"line":39,"column":39}},"line":39}},"branchMap":{"0":{"loc":{"start":{"line":8,"column":30},"end":{"line":8,"column":58}},"type":"binary-expr","locations":[{"start":{"line":8,"column":30},"end":{"line":8,"column":42}},{"start":{"line":8,"column":46},"end":{"line":8,"column":58}}],"line":8}},"s":{"0":5,"1":6,"2":5,"3":2,"4":5,"5":4,"6":2,"7":5,"8":2,"9":1,"10":5,"11":2,"12":1,"13":5,"14":2,"15":1,"16":5,"17":2,"18":2},"f":{"0":6,"1":2,"2":4,"3":2,"4":2,"5":1,"6":2,"7":1,"8":2,"9":1,"10":2,"11":2},"b":{"0":[6,0]},"_coverageSchema":"43e27e138ebf9cfc5966b082cf9a028302ed4184","hash":"0f4a0e4aad00726480b52207c3b3848f0eebd6e9"}
,"/Volumes/Files/VROTEBAL/app/containers/FeaturePage/List.js": {"path":"/Volumes/Files/VROTEBAL/app/containers/FeaturePage/List.js","statementMap":{"0":{"start":{"line":3,"column":13},"end":{"line":6,"column":1}}},"fnMap":{},"branchMap":{},"s":{"0":2},"f":{},"b":{},"_coverageSchema":"43e27e138ebf9cfc5966b082cf9a028302ed4184","hash":"b27cd33a81bc36266b395f9271dd09836de6edb7"}
,"/Volumes/Files/VROTEBAL/app/containers/FeaturePage/ListItem.js": {"path":"/Volumes/Files/VROTEBAL/app/containers/FeaturePage/ListItem.js","statementMap":{"0":{"start":{"line":3,"column":17},"end":{"line":5,"column":1}}},"fnMap":{},"branchMap":{},"s":{"0":2},"f":{},"b":{},"_coverageSchema":"43e27e138ebf9cfc5966b082cf9a028302ed4184","hash":"9cf340b1703e76097f6853b7aa242668bce3f9c0"}
,"/Volumes/Files/VROTEBAL/app/containers/FeaturePage/ListItemTitle.js": {"path":"/Volumes/Files/VROTEBAL/app/containers/FeaturePage/ListItemTitle.js","statementMap":{"0":{"start":{"line":3,"column":22},"end":{"line":5,"column":1}}},"fnMap":{},"branchMap":{},"s":{"0":2},"f":{},"b":{},"_coverageSchema":"43e27e138ebf9cfc5966b082cf9a028302ed4184","hash":"f1e7e450f8b6b8dc0294f798f95b774509526efc"}
,"/Volumes/Files/VROTEBAL/app/containers/FeaturePage/index.js": {"path":"/Volumes/Files/VROTEBAL/app/containers/FeaturePage/index.js","statementMap":{"0":{"start":{"line":17,"column":2},"end":{"line":76,"column":4}}},"fnMap":{"0":{"name":"FeaturePage","decl":{"start":{"line":16,"column":24},"end":{"line":16,"column":35}},"loc":{"start":{"line":16,"column":38},"end":{"line":77,"column":1}},"line":16}},"branchMap":{},"s":{"0":1},"f":{"0":1},"b":{},"_coverageSchema":"43e27e138ebf9cfc5966b082cf9a028302ed4184","hash":"0a646980adb7f1ad704b84a115008d00f96af1ca"}
,"/Volumes/Files/VROTEBAL/app/containers/FeaturePage/messages.js": {"path":"/Volumes/Files/VROTEBAL/app/containers/FeaturePage/messages.js","statementMap":{"0":{"start":{"line":8,"column":21},"end":{"line":8,"column":57}}},"fnMap":{},"branchMap":{},"s":{"0":1},"f":{},"b":{},"_coverageSchema":"43e27e138ebf9cfc5966b082cf9a028302ed4184","hash":"6bc84e7d515634539baf86d10bb8cabfd50d11bd"}
,"/Volumes/Files/VROTEBAL/app/containers/HomePage/AtPrefix.js": {"path":"/Volumes/Files/VROTEBAL/app/containers/HomePage/AtPrefix.js","statementMap":{"0":{"start":{"line":3,"column":17},"end":{"line":6,"column":1}}},"fnMap":{},"branchMap":{},"s":{"0":2},"f":{},"b":{},"_coverageSchema":"43e27e138ebf9cfc5966b082cf9a028302ed4184","hash":"899b45cb5e9c302413250f1011968a367822527a"}
,"/Volumes/Files/VROTEBAL/app/containers/HomePage/CenteredSection.js": {"path":"/Volumes/Files/VROTEBAL/app/containers/HomePage/CenteredSection.js","statementMap":{"0":{"start":{"line":4,"column":24},"end":{"line":6,"column":1}}},"fnMap":{},"branchMap":{},"s":{"0":2},"f":{},"b":{},"_coverageSchema":"43e27e138ebf9cfc5966b082cf9a028302ed4184","hash":"a8da2435b60038e7dfcf8b2154cc2f2959935c4e"}
,"/Volumes/Files/VROTEBAL/app/containers/HomePage/Form.js": {"path":"/Volumes/Files/VROTEBAL/app/containers/HomePage/Form.js","statementMap":{"0":{"start":{"line":3,"column":13},"end":{"line":5,"column":1}}},"fnMap":{},"branchMap":{},"s":{"0":2},"f":{},"b":{},"_coverageSchema":"43e27e138ebf9cfc5966b082cf9a028302ed4184","hash":"76c34e5d516a1e995346178ceb8a962cfeff10c7"}
,"/Volumes/Files/VROTEBAL/app/containers/HomePage/Input.js": {"path":"/Volumes/Files/VROTEBAL/app/containers/HomePage/Input.js","statementMap":{"0":{"start":{"line":3,"column":14},"end":{"line":8,"column":1}}},"fnMap":{},"branchMap":{},"s":{"0":2},"f":{},"b":{},"_coverageSchema":"43e27e138ebf9cfc5966b082cf9a028302ed4184","hash":"10ed96bc2f3b57ee9383518394513d1967b2d863"}
,"/Volumes/Files/VROTEBAL/app/containers/HomePage/Section.js": {"path":"/Volumes/Files/VROTEBAL/app/containers/HomePage/Section.js","statementMap":{"0":{"start":{"line":3,"column":16},"end":{"line":9,"column":1}}},"fnMap":{},"branchMap":{},"s":{"0":3},"f":{},"b":{},"_coverageSchema":"43e27e138ebf9cfc5966b082cf9a028302ed4184","hash":"cdc606bceec01c7590fded438cb3c979f712ac21"}
,"/Volumes/Files/VROTEBAL/app/containers/HomePage/actions.js": {"path":"/Volumes/Files/VROTEBAL/app/containers/HomePage/actions.js","statementMap":{"0":{"start":{"line":28,"column":2},"end":{"line":31,"column":4}}},"fnMap":{"0":{"name":"changeUsername","decl":{"start":{"line":27,"column":16},"end":{"line":27,"column":30}},"loc":{"start":{"line":27,"column":41},"end":{"line":32,"column":1}},"line":27}},"branchMap":{},"s":{"0":4},"f":{"0":4},"b":{},"_coverageSchema":"43e27e138ebf9cfc5966b082cf9a028302ed4184","hash":"502a2804fe3742be64e3d9532e1d0761451c11f5"}
,"/Volumes/Files/VROTEBAL/app/containers/HomePage/constants.js": {"path":"/Volumes/Files/VROTEBAL/app/containers/HomePage/constants.js","statementMap":{"0":{"start":{"line":12,"column":31},"end":{"line":12,"column":65}}},"fnMap":{},"branchMap":{},"s":{"0":5},"f":{},"b":{},"_coverageSchema":"43e27e138ebf9cfc5966b082cf9a028302ed4184","hash":"464ea2b41e72b464be69f4d4ca14e5d444948913"}
,"/Volumes/Files/VROTEBAL/app/containers/HomePage/index.js": {"path":"/Volumes/Files/VROTEBAL/app/containers/HomePage/index.js","statementMap":{"0":{"start":{"line":36,"column":12},"end":{"line":36,"column":18}},"1":{"start":{"line":46,"column":2},"end":{"line":46,"column":37}},"2":{"start":{"line":47,"column":2},"end":{"line":47,"column":31}},"3":{"start":{"line":49,"column":2},"end":{"line":52,"column":9}},"4":{"start":{"line":51,"column":4},"end":{"line":51,"column":63}},"5":{"start":{"line":51,"column":48},"end":{"line":51,"column":63}},"6":{"start":{"line":54,"column":25},"end":{"line":58,"column":3}},"7":{"start":{"line":60,"column":2},"end":{"line":101,"column":4}},"8":{"start":{"line":104,"column":0},"end":{"line":111,"column":2}},"9":{"start":{"line":113,"column":24},"end":{"line":118,"column":2}},"10":{"start":{"line":121,"column":2},"end":{"line":127,"column":4}},"11":{"start":{"line":122,"column":29},"end":{"line":122,"column":71}},"12":{"start":{"line":124,"column":6},"end":{"line":124,"column":72}},"13":{"start":{"line":124,"column":51},"end":{"line":124,"column":72}},"14":{"start":{"line":125,"column":6},"end":{"line":125,"column":28}},"15":{"start":{"line":130,"column":20},"end":{"line":133,"column":1}}},"fnMap":{"0":{"name":"HomePage","decl":{"start":{"line":38,"column":16},"end":{"line":38,"column":24}},"loc":{"start":{"line":45,"column":3},"end":{"line":102,"column":1}},"line":45},"1":{"name":"(anonymous_1)","decl":{"start":{"line":49,"column":12},"end":{"line":49,"column":13}},"loc":{"start":{"line":49,"column":18},"end":{"line":52,"column":3}},"line":49},"2":{"name":"mapDispatchToProps","decl":{"start":{"line":120,"column":16},"end":{"line":120,"column":34}},"loc":{"start":{"line":120,"column":45},"end":{"line":128,"column":1}},"line":120},"3":{"name":"(anonymous_3)","decl":{"start":{"line":122,"column":22},"end":{"line":122,"column":23}},"loc":{"start":{"line":122,"column":29},"end":{"line":122,"column":71}},"line":122},"4":{"name":"(anonymous_4)","decl":{"start":{"line":123,"column":18},"end":{"line":123,"column":19}},"loc":{"start":{"line":123,"column":25},"end":{"line":126,"column":5}},"line":123}},"branchMap":{"0":{"loc":{"start":{"line":51,"column":4},"end":{"line":51,"column":63}},"type":"if","locations":[{"start":{"line":51,"column":4},"end":{"line":51,"column":63}},{"start":{"line":51,"column":4},"end":{"line":51,"column":63}}],"line":51},"1":{"loc":{"start":{"line":51,"column":8},"end":{"line":51,"column":46}},"type":"binary-expr","locations":[{"start":{"line":51,"column":8},"end":{"line":51,"column":16}},{"start":{"line":51,"column":20},"end":{"line":51,"column":46}}],"line":51},"2":{"loc":{"start":{"line":124,"column":6},"end":{"line":124,"column":72}},"type":"if","locations":[{"start":{"line":124,"column":6},"end":{"line":124,"column":72}},{"start":{"line":124,"column":6},"end":{"line":124,"column":72}}],"line":124},"3":{"loc":{"start":{"line":124,"column":10},"end":{"line":124,"column":49}},"type":"binary-expr","locations":[{"start":{"line":124,"column":10},"end":{"line":124,"column":27}},{"start":{"line":124,"column":31},"end":{"line":124,"column":49}}],"line":124}},"s":{"0":1,"1":4,"2":4,"3":4,"4":4,"5":1,"6":4,"7":4,"8":1,"9":1,"10":5,"11":1,"12":2,"13":1,"14":2,"15":1},"f":{"0":4,"1":4,"2":5,"3":1,"4":2},"b":{"0":[1,3],"1":[4,1],"2":[1,1],"3":[2,1]},"_coverageSchema":"43e27e138ebf9cfc5966b082cf9a028302ed4184","hash":"ad1198364643b978a3c5fa62d90a98d1802e4803"}
,"/Volumes/Files/VROTEBAL/app/containers/HomePage/messages.js": {"path":"/Volumes/Files/VROTEBAL/app/containers/HomePage/messages.js","statementMap":{"0":{"start":{"line":8,"column":21},"end":{"line":8,"column":54}}},"fnMap":{},"branchMap":{},"s":{"0":1},"f":{},"b":{},"_coverageSchema":"43e27e138ebf9cfc5966b082cf9a028302ed4184","hash":"6cbc470bae1ebb91834b075b55affe97b9997563"}
,"/Volumes/Files/VROTEBAL/app/containers/HomePage/reducer.js": {"path":"/Volumes/Files/VROTEBAL/app/containers/HomePage/reducer.js","statementMap":{"0":{"start":{"line":14,"column":28},"end":{"line":16,"column":1}},"1":{"start":{"line":19,"column":20},"end":{"line":27,"column":4}},"2":{"start":{"line":20,"column":2},"end":{"line":27,"column":4}},"3":{"start":{"line":21,"column":4},"end":{"line":26,"column":5}},"4":{"start":{"line":24,"column":8},"end":{"line":24,"column":60}},"5":{"start":{"line":25,"column":8},"end":{"line":25,"column":14}}},"fnMap":{"0":{"name":"(anonymous_0)","decl":{"start":{"line":19,"column":20},"end":{"line":19,"column":21}},"loc":{"start":{"line":20,"column":2},"end":{"line":27,"column":4}},"line":20},"1":{"name":"(anonymous_1)","decl":{"start":{"line":20,"column":17},"end":{"line":20,"column":18}},"loc":{"start":{"line":20,"column":26},"end":{"line":27,"column":3}},"line":20}},"branchMap":{"0":{"loc":{"start":{"line":19,"column":21},"end":{"line":19,"column":41}},"type":"default-arg","locations":[{"start":{"line":19,"column":29},"end":{"line":19,"column":41}}],"line":19},"1":{"loc":{"start":{"line":21,"column":4},"end":{"line":26,"column":5}},"type":"switch","locations":[{"start":{"line":22,"column":6},"end":{"line":25,"column":14}}],"line":21}},"s":{"0":4,"1":4,"2":5,"3":5,"4":1,"5":1},"f":{"0":5,"1":5},"b":{"0":[4],"1":[1]},"_coverageSchema":"43e27e138ebf9cfc5966b082cf9a028302ed4184","hash":"fec2959c76c9d3291166d3a1e4a1b484172754f8"}
,"/Volumes/Files/VROTEBAL/app/containers/HomePage/saga.js": {"path":"/Volumes/Files/VROTEBAL/app/containers/HomePage/saga.js","statementMap":{"0":{"start":{"line":17,"column":19},"end":{"line":17,"column":53}},"1":{"start":{"line":18,"column":21},"end":{"line":18,"column":91}},"2":{"start":{"line":20,"column":2},"end":{"line":26,"column":3}},"3":{"start":{"line":22,"column":18},"end":{"line":22,"column":49}},"4":{"start":{"line":23,"column":4},"end":{"line":23,"column":44}},"5":{"start":{"line":25,"column":4},"end":{"line":25,"column":37}},"6":{"start":{"line":37,"column":2},"end":{"line":37,"column":41}}},"fnMap":{"0":{"name":"getRepos","decl":{"start":{"line":15,"column":17},"end":{"line":15,"column":25}},"loc":{"start":{"line":15,"column":28},"end":{"line":27,"column":1}},"line":15},"1":{"name":"githubData","decl":{"start":{"line":32,"column":25},"end":{"line":32,"column":35}},"loc":{"start":{"line":32,"column":38},"end":{"line":38,"column":1}},"line":32}},"branchMap":{},"s":{"0":2,"1":2,"2":2,"3":2,"4":1,"5":1,"6":2},"f":{"0":2,"1":2},"b":{},"_coverageSchema":"43e27e138ebf9cfc5966b082cf9a028302ed4184","hash":"879611e5c5fd9cde157c8060988e647c7c372dbb"}
,"/Volumes/Files/VROTEBAL/app/containers/HomePage/selectors.js": {"path":"/Volumes/Files/VROTEBAL/app/containers/HomePage/selectors.js","statementMap":{"0":{"start":{"line":8,"column":19},"end":{"line":8,"column":54}},"1":{"start":{"line":8,"column":28},"end":{"line":8,"column":54}},"2":{"start":{"line":10,"column":27},"end":{"line":14,"column":3}},"3":{"start":{"line":11,"column":2},"end":{"line":14,"column":3}},"4":{"start":{"line":13,"column":17},"end":{"line":13,"column":35}}},"fnMap":{"0":{"name":"(anonymous_0)","decl":{"start":{"line":8,"column":19},"end":{"line":8,"column":20}},"loc":{"start":{"line":8,"column":28},"end":{"line":8,"column":54}},"line":8},"1":{"name":"(anonymous_1)","decl":{"start":{"line":10,"column":27},"end":{"line":10,"column":28}},"loc":{"start":{"line":11,"column":2},"end":{"line":14,"column":3}},"line":11},"2":{"name":"(anonymous_2)","decl":{"start":{"line":13,"column":4},"end":{"line":13,"column":5}},"loc":{"start":{"line":13,"column":17},"end":{"line":13,"column":35}},"line":13}},"branchMap":{"0":{"loc":{"start":{"line":8,"column":28},"end":{"line":8,"column":54}},"type":"binary-expr","locations":[{"start":{"line":8,"column":28},"end":{"line":8,"column":38}},{"start":{"line":8,"column":42},"end":{"line":8,"column":54}}],"line":8}},"s":{"0":3,"1":2,"2":3,"3":4,"4":1},"f":{"0":2,"1":4,"2":1},"b":{"0":[2,0]},"_coverageSchema":"43e27e138ebf9cfc5966b082cf9a028302ed4184","hash":"ae09f35c7cb81a5c72111214caa37a85726fbf4c"}
,"/Volumes/Files/VROTEBAL/app/containers/LanguageProvider/actions.js": {"path":"/Volumes/Files/VROTEBAL/app/containers/LanguageProvider/actions.js","statementMap":{"0":{"start":{"line":10,"column":2},"end":{"line":13,"column":4}}},"fnMap":{"0":{"name":"changeLocale","decl":{"start":{"line":9,"column":16},"end":{"line":9,"column":28}},"loc":{"start":{"line":9,"column":45},"end":{"line":14,"column":1}},"line":9}},"branchMap":{},"s":{"0":3},"f":{"0":3},"b":{},"_coverageSchema":"43e27e138ebf9cfc5966b082cf9a028302ed4184","hash":"096c0948c432790ba7752f2e99df01fd95a2e0f6"}
,"/Volumes/Files/VROTEBAL/app/containers/LanguageProvider/constants.js": {"path":"/Volumes/Files/VROTEBAL/app/containers/LanguageProvider/constants.js","statementMap":{"0":{"start":{"line":7,"column":29},"end":{"line":7,"column":63}}},"fnMap":{},"branchMap":{},"s":{"0":20},"f":{},"b":{},"_coverageSchema":"43e27e138ebf9cfc5966b082cf9a028302ed4184","hash":"1ae5cdabc82d01eb25d18262882da93c429c7d52"}
,"/Volumes/Files/VROTEBAL/app/containers/LanguageProvider/index.js": {"path":"/Volumes/Files/VROTEBAL/app/containers/LanguageProvider/index.js","statementMap":{"0":{"start":{"line":18,"column":2},"end":{"line":26,"column":4}},"1":{"start":{"line":29,"column":0},"end":{"line":33,"column":2}},"2":{"start":{"line":35,"column":24},"end":{"line":40,"column":1}},"3":{"start":{"line":37,"column":13},"end":{"line":39,"column":3}}},"fnMap":{"0":{"name":"LanguageProvider","decl":{"start":{"line":17,"column":16},"end":{"line":17,"column":32}},"loc":{"start":{"line":17,"column":40},"end":{"line":27,"column":1}},"line":17},"1":{"name":"(anonymous_1)","decl":{"start":{"line":37,"column":2},"end":{"line":37,"column":3}},"loc":{"start":{"line":37,"column":13},"end":{"line":39,"column":3}},"line":37}},"branchMap":{},"s":{"0":4,"1":2,"2":2,"3":2},"f":{"0":4,"1":2},"b":{},"_coverageSchema":"43e27e138ebf9cfc5966b082cf9a028302ed4184","hash":"e2d54e457efbc544fa224065d263dd23b4625787"}
,"/Volumes/Files/VROTEBAL/app/containers/LanguageProvider/reducer.js": {"path":"/Volumes/Files/VROTEBAL/app/containers/LanguageProvider/reducer.js","statementMap":{"0":{"start":{"line":12,"column":28},"end":{"line":14,"column":1}},"1":{"start":{"line":17,"column":32},"end":{"line":24,"column":4}},"2":{"start":{"line":18,"column":2},"end":{"line":24,"column":4}},"3":{"start":{"line":19,"column":4},"end":{"line":23,"column":5}},"4":{"start":{"line":21,"column":8},"end":{"line":21,"column":37}},"5":{"start":{"line":22,"column":8},"end":{"line":22,"column":14}}},"fnMap":{"0":{"name":"(anonymous_0)","decl":{"start":{"line":17,"column":32},"end":{"line":17,"column":33}},"loc":{"start":{"line":18,"column":2},"end":{"line":24,"column":4}},"line":18},"1":{"name":"(anonymous_1)","decl":{"start":{"line":18,"column":17},"end":{"line":18,"column":18}},"loc":{"start":{"line":18,"column":26},"end":{"line":24,"column":3}},"line":18}},"branchMap":{"0":{"loc":{"start":{"line":17,"column":33},"end":{"line":17,"column":53}},"type":"default-arg","locations":[{"start":{"line":17,"column":41},"end":{"line":17,"column":53}}],"line":17},"1":{"loc":{"start":{"line":19,"column":4},"end":{"line":23,"column":5}},"type":"switch","locations":[{"start":{"line":20,"column":6},"end":{"line":22,"column":14}}],"line":19}},"s":{"0":19,"1":19,"2":307,"3":307,"4":1,"5":1},"f":{"0":307,"1":307},"b":{"0":[285],"1":[1]},"_coverageSchema":"43e27e138ebf9cfc5966b082cf9a028302ed4184","hash":"8b9387ec0712900fa271d4165ee9e6864a908eea"}
,"/Volumes/Files/VROTEBAL/app/containers/LanguageProvider/selectors.js": {"path":"/Volumes/Files/VROTEBAL/app/containers/LanguageProvider/selectors.js","statementMap":{"0":{"start":{"line":8,"column":23},"end":{"line":8,"column":62}},"1":{"start":{"line":8,"column":32},"end":{"line":8,"column":62}},"2":{"start":{"line":14,"column":25},"end":{"line":18,"column":3}},"3":{"start":{"line":15,"column":2},"end":{"line":18,"column":3}},"4":{"start":{"line":17,"column":21},"end":{"line":17,"column":41}}},"fnMap":{"0":{"name":"(anonymous_0)","decl":{"start":{"line":8,"column":23},"end":{"line":8,"column":24}},"loc":{"start":{"line":8,"column":32},"end":{"line":8,"column":62}},"line":8},"1":{"name":"(anonymous_1)","decl":{"start":{"line":14,"column":25},"end":{"line":14,"column":26}},"loc":{"start":{"line":15,"column":2},"end":{"line":18,"column":3}},"line":15},"2":{"name":"(anonymous_2)","decl":{"start":{"line":17,"column":4},"end":{"line":17,"column":5}},"loc":{"start":{"line":17,"column":21},"end":{"line":17,"column":41}},"line":17}},"branchMap":{"0":{"loc":{"start":{"line":8,"column":32},"end":{"line":8,"column":62}},"type":"binary-expr","locations":[{"start":{"line":8,"column":32},"end":{"line":8,"column":46}},{"start":{"line":8,"column":50},"end":{"line":8,"column":62}}],"line":8}},"s":{"0":5,"1":7,"2":5,"3":5,"4":4},"f":{"0":7,"1":5,"2":4},"b":{"0":[7,0]},"_coverageSchema":"43e27e138ebf9cfc5966b082cf9a028302ed4184","hash":"0a91602b2c80dad923d7ee1c810636b4eaf5d7bc"}
,"/Volumes/Files/VROTEBAL/app/containers/LocaleToggle/Wrapper.js": {"path":"/Volumes/Files/VROTEBAL/app/containers/LocaleToggle/Wrapper.js","statementMap":{"0":{"start":{"line":3,"column":16},"end":{"line":5,"column":1}}},"fnMap":{},"branchMap":{},"s":{"0":4},"f":{},"b":{},"_coverageSchema":"43e27e138ebf9cfc5966b082cf9a028302ed4184","hash":"c9a84a6a9633a35444a32ca09ffdb6df2bf9358e"}
,"/Volumes/Files/VROTEBAL/app/containers/LocaleToggle/index.js": {"path":"/Volumes/Files/VROTEBAL/app/containers/LocaleToggle/index.js","statementMap":{"0":{"start":{"line":20,"column":2},"end":{"line":29,"column":4}},"1":{"start":{"line":32,"column":0},"end":{"line":35,"column":2}},"2":{"start":{"line":37,"column":24},"end":{"line":42,"column":1}},"3":{"start":{"line":39,"column":13},"end":{"line":41,"column":3}},"4":{"start":{"line":45,"column":2},"end":{"line":48,"column":4}},"5":{"start":{"line":46,"column":27},"end":{"line":46,"column":67}}},"fnMap":{"0":{"name":"LocaleToggle","decl":{"start":{"line":19,"column":16},"end":{"line":19,"column":28}},"loc":{"start":{"line":19,"column":36},"end":{"line":30,"column":1}},"line":19},"1":{"name":"(anonymous_1)","decl":{"start":{"line":39,"column":2},"end":{"line":39,"column":3}},"loc":{"start":{"line":39,"column":13},"end":{"line":41,"column":3}},"line":39},"2":{"name":"mapDispatchToProps","decl":{"start":{"line":44,"column":16},"end":{"line":44,"column":34}},"loc":{"start":{"line":44,"column":45},"end":{"line":49,"column":1}},"line":44},"3":{"name":"(anonymous_3)","decl":{"start":{"line":46,"column":20},"end":{"line":46,"column":21}},"loc":{"start":{"line":46,"column":27},"end":{"line":46,"column":67}},"line":46}},"branchMap":{},"s":{"0":3,"1":3,"2":3,"3":2,"4":5,"5":1},"f":{"0":3,"1":2,"2":5,"3":1},"b":{},"_coverageSchema":"43e27e138ebf9cfc5966b082cf9a028302ed4184","hash":"5450725ca1a153f961bda52c4213ba7c65de2d46"}
,"/Volumes/Files/VROTEBAL/app/containers/LocaleToggle/messages.js": {"path":"/Volumes/Files/VROTEBAL/app/containers/LocaleToggle/messages.js","statementMap":{"0":{"start":{"line":8,"column":21},"end":{"line":8,"column":58}}},"fnMap":{},"branchMap":{},"s":{"0":3},"f":{},"b":{},"_coverageSchema":"43e27e138ebf9cfc5966b082cf9a028302ed4184","hash":"865389164ed1109a358067119928eb63e2197537"}
,"/Volumes/Files/VROTEBAL/app/containers/NotFoundPage/index.js": {"path":"/Volumes/Files/VROTEBAL/app/containers/NotFoundPage/index.js","statementMap":{"0":{"start":{"line":14,"column":2},"end":{"line":20,"column":4}}},"fnMap":{"0":{"name":"NotFound","decl":{"start":{"line":13,"column":24},"end":{"line":13,"column":32}},"loc":{"start":{"line":13,"column":35},"end":{"line":21,"column":1}},"line":13}},"branchMap":{},"s":{"0":1},"f":{"0":1},"b":{},"_coverageSchema":"43e27e138ebf9cfc5966b082cf9a028302ed4184","hash":"7eab4fa9d0ef4449987127fa0d3f652d3dbdfa9c"}
,"/Volumes/Files/VROTEBAL/app/containers/NotFoundPage/messages.js": {"path":"/Volumes/Files/VROTEBAL/app/containers/NotFoundPage/messages.js","statementMap":{"0":{"start":{"line":8,"column":21},"end":{"line":8,"column":58}}},"fnMap":{},"branchMap":{},"s":{"0":1},"f":{},"b":{},"_coverageSchema":"43e27e138ebf9cfc5966b082cf9a028302ed4184","hash":"6bcd4ce1cfa5cdf69025f5f0f7cd56715766552b"}
,"/Volumes/Files/VROTEBAL/app/containers/RepoListItem/IssueIcon.js": {"path":"/Volumes/Files/VROTEBAL/app/containers/RepoListItem/IssueIcon.js","statementMap":{"0":{"start":{"line":5,"column":18},"end":{"line":8,"column":1}}},"fnMap":{},"branchMap":{},"s":{"0":4},"f":{},"b":{},"_coverageSchema":"43e27e138ebf9cfc5966b082cf9a028302ed4184","hash":"4b2d011aebbb6bde9fbdf7cebc206f1b7db96494"}
,"/Volumes/Files/VROTEBAL/app/containers/RepoListItem/IssueLink.js": {"path":"/Volumes/Files/VROTEBAL/app/containers/RepoListItem/IssueLink.js","statementMap":{"0":{"start":{"line":4,"column":18},"end":{"line":11,"column":1}}},"fnMap":{},"branchMap":{},"s":{"0":4},"f":{},"b":{},"_coverageSchema":"43e27e138ebf9cfc5966b082cf9a028302ed4184","hash":"a3ac32fc7067d98b37d358aa31204b043edd3d59"}
,"/Volumes/Files/VROTEBAL/app/containers/RepoListItem/RepoLink.js": {"path":"/Volumes/Files/VROTEBAL/app/containers/RepoListItem/RepoLink.js","statementMap":{"0":{"start":{"line":4,"column":17},"end":{"line":10,"column":1}}},"fnMap":{},"branchMap":{},"s":{"0":4},"f":{},"b":{},"_coverageSchema":"43e27e138ebf9cfc5966b082cf9a028302ed4184","hash":"9034f044c13079fbb1f06f2482d95b6d8d675234"}
,"/Volumes/Files/VROTEBAL/app/containers/RepoListItem/Wrapper.js": {"path":"/Volumes/Files/VROTEBAL/app/containers/RepoListItem/Wrapper.js","statementMap":{"0":{"start":{"line":3,"column":16},"end":{"line":8,"column":1}}},"fnMap":{},"branchMap":{},"s":{"0":4},"f":{},"b":{},"_coverageSchema":"43e27e138ebf9cfc5966b082cf9a028302ed4184","hash":"a76d9248a908bd5b2876e2e9b5ec9e3d332138e4"}
,"/Volumes/Files/VROTEBAL/app/containers/RepoListItem/index.js": {"path":"/Volumes/Files/VROTEBAL/app/containers/RepoListItem/index.js","statementMap":{"0":{"start":{"line":21,"column":19},"end":{"line":21,"column":24}},"1":{"start":{"line":22,"column":19},"end":{"line":22,"column":21}},"2":{"start":{"line":26,"column":2},"end":{"line":28,"column":3}},"3":{"start":{"line":27,"column":4},"end":{"line":27,"column":40}},"4":{"start":{"line":32,"column":4},"end":{"line":40,"column":14}},"5":{"start":{"line":44,"column":2},"end":{"line":44,"column":78}},"6":{"start":{"line":47,"column":0},"end":{"line":50,"column":2}}},"fnMap":{"0":{"name":"RepoListItem","decl":{"start":{"line":20,"column":16},"end":{"line":20,"column":28}},"loc":{"start":{"line":20,"column":36},"end":{"line":45,"column":1}},"line":20}},"branchMap":{"0":{"loc":{"start":{"line":26,"column":2},"end":{"line":28,"column":3}},"type":"if","locations":[{"start":{"line":26,"column":2},"end":{"line":28,"column":3}},{"start":{"line":26,"column":2},"end":{"line":28,"column":3}}],"line":26}},"s":{"0":7,"1":7,"2":7,"3":5,"4":7,"5":7,"6":3},"f":{"0":7},"b":{"0":[5,2]},"_coverageSchema":"43e27e138ebf9cfc5966b082cf9a028302ed4184","hash":"829f2fed8e4e18332691b1b928b30b05a4be9fc2"}
,"/Volumes/Files/VROTEBAL/app/utils/checkStore.js": {"path":"/Volumes/Files/VROTEBAL/app/utils/checkStore.js","statementMap":{"0":{"start":{"line":8,"column":16},"end":{"line":16,"column":3}},"1":{"start":{"line":17,"column":2},"end":{"line":20,"column":4}}},"fnMap":{"0":{"name":"checkStore","decl":{"start":{"line":7,"column":24},"end":{"line":7,"column":34}},"loc":{"start":{"line":7,"column":42},"end":{"line":21,"column":1}},"line":7}},"branchMap":{},"s":{"0":21,"1":21},"f":{"0":21},"b":{},"_coverageSchema":"43e27e138ebf9cfc5966b082cf9a028302ed4184","hash":"a9e214a2957fa709c319de0af959d62462054ec1"}
,"/Volumes/Files/VROTEBAL/app/utils/constants.js": {"path":"/Volumes/Files/VROTEBAL/app/utils/constants.js","statementMap":{"0":{"start":{"line":1,"column":34},"end":{"line":1,"column":70}},"1":{"start":{"line":2,"column":22},"end":{"line":2,"column":46}},"2":{"start":{"line":3,"column":33},"end":{"line":3,"column":68}}},"fnMap":{},"branchMap":{},"s":{"0":3,"1":3,"2":3},"f":{},"b":{},"_coverageSchema":"43e27e138ebf9cfc5966b082cf9a028302ed4184","hash":"37fcf3ba44032729a0698cfa81b3ba05eb303563"}
,"/Volumes/Files/VROTEBAL/app/utils/history.js": {"path":"/Volumes/Files/VROTEBAL/app/utils/history.js","statementMap":{"0":{"start":{"line":2,"column":16},"end":{"line":2,"column":38}}},"fnMap":{},"branchMap":{},"s":{"0":16},"f":{},"b":{},"_coverageSchema":"43e27e138ebf9cfc5966b082cf9a028302ed4184","hash":"91bec7d1ab8117f10508eecaac68598a8c728bad"}
,"/Volumes/Files/VROTEBAL/app/utils/injectReducer.js": {"path":"/Volumes/Files/VROTEBAL/app/utils/injectReducer.js","statementMap":{"0":{"start":{"line":14,"column":37},"end":{"line":36,"column":1}},"1":{"start":{"line":25,"column":6},"end":{"line":25,"column":28}},"2":{"start":{"line":27,"column":6},"end":{"line":27,"column":62}},"3":{"start":{"line":31,"column":6},"end":{"line":31,"column":50}},"4":{"start":{"line":35,"column":2},"end":{"line":35,"column":65}},"5":{"start":{"line":38,"column":25},"end":{"line":43,"column":1}},"6":{"start":{"line":39,"column":18},"end":{"line":39,"column":53}},"7":{"start":{"line":40,"column":2},"end":{"line":42,"column":9}},"8":{"start":{"line":41,"column":4},"end":{"line":41,"column":60}}},"fnMap":{"0":{"name":"(anonymous_0)","decl":{"start":{"line":14,"column":15},"end":{"line":14,"column":16}},"loc":{"start":{"line":14,"column":37},"end":{"line":36,"column":1}},"line":14},"1":{"name":"(anonymous_1)","decl":{"start":{"line":14,"column":37},"end":{"line":14,"column":38}},"loc":{"start":{"line":14,"column":57},"end":{"line":36,"column":1}},"line":14},"2":{"name":"(anonymous_2)","decl":{"start":{"line":24,"column":4},"end":{"line":24,"column":5}},"loc":{"start":{"line":24,"column":32},"end":{"line":28,"column":5}},"line":24},"3":{"name":"(anonymous_3)","decl":{"start":{"line":30,"column":4},"end":{"line":30,"column":5}},"loc":{"start":{"line":30,"column":13},"end":{"line":32,"column":5}},"line":30},"4":{"name":"(anonymous_4)","decl":{"start":{"line":38,"column":25},"end":{"line":38,"column":26}},"loc":{"start":{"line":38,"column":47},"end":{"line":43,"column":1}},"line":38},"5":{"name":"(anonymous_5)","decl":{"start":{"line":40,"column":18},"end":{"line":40,"column":19}},"loc":{"start":{"line":40,"column":24},"end":{"line":42,"column":3}},"line":40}},"branchMap":{"0":{"loc":{"start":{"line":20,"column":40},"end":{"line":22,"column":17}},"type":"binary-expr","locations":[{"start":{"line":20,"column":40},"end":{"line":20,"column":68}},{"start":{"line":21,"column":6},"end":{"line":21,"column":27}},{"start":{"line":22,"column":6},"end":{"line":22,"column":17}}],"line":20}},"s":{"0":4,"1":2,"2":2,"3":2,"4":4,"5":2,"6":5,"7":5,"8":5},"f":{"0":4,"1":4,"2":2,"3":2,"4":5,"5":5},"b":{"0":[4,4,1]},"_coverageSchema":"43e27e138ebf9cfc5966b082cf9a028302ed4184","hash":"77bfe96b8079bc5ca2a89199d6cf2d82a54a2446"}
,"/Volumes/Files/VROTEBAL/app/utils/injectSaga.js": {"path":"/Volumes/Files/VROTEBAL/app/utils/injectSaga.js","statementMap":{"0":{"start":{"line":19,"column":40},"end":{"line":47,"column":1}},"1":{"start":{"line":30,"column":6},"end":{"line":30,"column":28}},"2":{"start":{"line":32,"column":6},"end":{"line":32,"column":51}},"3":{"start":{"line":34,"column":6},"end":{"line":34,"column":65}},"4":{"start":{"line":38,"column":6},"end":{"line":38,"column":36}},"5":{"start":{"line":42,"column":6},"end":{"line":42,"column":50}},"6":{"start":{"line":46,"column":2},"end":{"line":46,"column":60}},"7":{"start":{"line":49,"column":22},"end":{"line":59,"column":1}},"8":{"start":{"line":50,"column":18},"end":{"line":50,"column":53}},"9":{"start":{"line":51,"column":2},"end":{"line":58,"column":9}},"10":{"start":{"line":52,"column":22},"end":{"line":52,"column":49}},"11":{"start":{"line":53,"column":4},"end":{"line":53,"column":46}},"12":{"start":{"line":55,"column":4},"end":{"line":57,"column":6}},"13":{"start":{"line":56,"column":6},"end":{"line":56,"column":31}}},"fnMap":{"0":{"name":"(anonymous_0)","decl":{"start":{"line":19,"column":15},"end":{"line":19,"column":16}},"loc":{"start":{"line":19,"column":40},"end":{"line":47,"column":1}},"line":19},"1":{"name":"(anonymous_1)","decl":{"start":{"line":19,"column":40},"end":{"line":19,"column":41}},"loc":{"start":{"line":19,"column":60},"end":{"line":47,"column":1}},"line":19},"2":{"name":"(anonymous_2)","decl":{"start":{"line":29,"column":4},"end":{"line":29,"column":5}},"loc":{"start":{"line":29,"column":32},"end":{"line":35,"column":5}},"line":29},"3":{"name":"(anonymous_3)","decl":{"start":{"line":37,"column":4},"end":{"line":37,"column":5}},"loc":{"start":{"line":37,"column":27},"end":{"line":39,"column":5}},"line":37},"4":{"name":"(anonymous_4)","decl":{"start":{"line":41,"column":4},"end":{"line":41,"column":5}},"loc":{"start":{"line":41,"column":13},"end":{"line":43,"column":5}},"line":41},"5":{"name":"(anonymous_5)","decl":{"start":{"line":49,"column":22},"end":{"line":49,"column":23}},"loc":{"start":{"line":49,"column":47},"end":{"line":59,"column":1}},"line":49},"6":{"name":"(anonymous_6)","decl":{"start":{"line":51,"column":18},"end":{"line":51,"column":19}},"loc":{"start":{"line":51,"column":24},"end":{"line":58,"column":3}},"line":51},"7":{"name":"(anonymous_7)","decl":{"start":{"line":55,"column":11},"end":{"line":55,"column":12}},"loc":{"start":{"line":55,"column":17},"end":{"line":57,"column":5}},"line":55}},"branchMap":{"0":{"loc":{"start":{"line":25,"column":37},"end":{"line":27,"column":17}},"type":"binary-expr","locations":[{"start":{"line":25,"column":37},"end":{"line":25,"column":65}},{"start":{"line":26,"column":6},"end":{"line":26,"column":27}},{"start":{"line":27,"column":6},"end":{"line":27,"column":17}}],"line":25}},"s":{"0":5,"1":3,"2":3,"3":3,"4":1,"5":3,"6":5,"7":2,"8":6,"9":6,"10":6,"11":6,"12":6,"13":6},"f":{"0":5,"1":5,"2":3,"3":1,"4":3,"5":6,"6":6,"7":6},"b":{"0":[5,5,1]},"_coverageSchema":"43e27e138ebf9cfc5966b082cf9a028302ed4184","hash":"c7891d7816b4489ac210ac59dedaa061d0ff8132"}
,"/Volumes/Files/VROTEBAL/app/utils/loadable.js": {"path":"/Volumes/Files/VROTEBAL/app/utils/loadable.js","statementMap":{"0":{"start":{"line":3,"column":17},"end":{"line":11,"column":1}},"1":{"start":{"line":4,"column":24},"end":{"line":4,"column":40}},"2":{"start":{"line":6,"column":2},"end":{"line":10,"column":4}},"3":{"start":{"line":7,"column":4},"end":{"line":9,"column":15}}},"fnMap":{"0":{"name":"(anonymous_0)","decl":{"start":{"line":3,"column":17},"end":{"line":3,"column":18}},"loc":{"start":{"line":3,"column":75},"end":{"line":11,"column":1}},"line":3},"1":{"name":"(anonymous_1)","decl":{"start":{"line":6,"column":9},"end":{"line":6,"column":10}},"loc":{"start":{"line":7,"column":4},"end":{"line":9,"column":15}},"line":7}},"branchMap":{"0":{"loc":{"start":{"line":3,"column":30},"end":{"line":3,"column":70}},"type":"default-arg","locations":[{"start":{"line":3,"column":52},"end":{"line":3,"column":70}}],"line":3},"1":{"loc":{"start":{"line":3,"column":32},"end":{"line":3,"column":47}},"type":"default-arg","locations":[{"start":{"line":3,"column":43},"end":{"line":3,"column":47}}],"line":3}},"s":{"0":2,"1":5,"2":5,"3":0},"f":{"0":5,"1":0},"b":{"0":[0],"1":[0]},"_coverageSchema":"43e27e138ebf9cfc5966b082cf9a028302ed4184","hash":"747b24c8b493f6f28f7a08382b9edeba264b0c27"}
,"/Volumes/Files/VROTEBAL/app/utils/reducerInjectors.js": {"path":"/Volumes/Files/VROTEBAL/app/utils/reducerInjectors.js","statementMap":{"0":{"start":{"line":8,"column":2},"end":{"line":25,"column":4}},"1":{"start":{"line":9,"column":4},"end":{"line":9,"column":36}},"2":{"start":{"line":9,"column":18},"end":{"line":9,"column":36}},"3":{"start":{"line":11,"column":4},"end":{"line":14,"column":6}},"4":{"start":{"line":17,"column":4},"end":{"line":21,"column":13}},"5":{"start":{"line":21,"column":6},"end":{"line":21,"column":13}},"6":{"start":{"line":23,"column":4},"end":{"line":23,"column":42}},"7":{"start":{"line":24,"column":4},"end":{"line":24,"column":64}},"8":{"start":{"line":29,"column":2},"end":{"line":29,"column":20}},"9":{"start":{"line":31,"column":2},"end":{"line":33,"column":4}}},"fnMap":{"0":{"name":"injectReducerFactory","decl":{"start":{"line":7,"column":16},"end":{"line":7,"column":36}},"loc":{"start":{"line":7,"column":53},"end":{"line":26,"column":1}},"line":7},"1":{"name":"injectReducer","decl":{"start":{"line":8,"column":18},"end":{"line":8,"column":31}},"loc":{"start":{"line":8,"column":46},"end":{"line":25,"column":3}},"line":8},"2":{"name":"getInjectors","decl":{"start":{"line":28,"column":24},"end":{"line":28,"column":36}},"loc":{"start":{"line":28,"column":44},"end":{"line":34,"column":1}},"line":28}},"branchMap":{"0":{"loc":{"start":{"line":9,"column":4},"end":{"line":9,"column":36}},"type":"if","locations":[{"start":{"line":9,"column":4},"end":{"line":9,"column":36}},{"start":{"line":9,"column":4},"end":{"line":9,"column":36}}],"line":9},"1":{"loc":{"start":{"line":12,"column":6},"end":{"line":12,"column":59}},"type":"binary-expr","locations":[{"start":{"line":12,"column":6},"end":{"line":12,"column":19}},{"start":{"line":12,"column":23},"end":{"line":12,"column":36}},{"start":{"line":12,"column":40},"end":{"line":12,"column":59}}],"line":12},"2":{"loc":{"start":{"line":17,"column":4},"end":{"line":21,"column":13}},"type":"if","locations":[{"start":{"line":17,"column":4},"end":{"line":21,"column":13}},{"start":{"line":17,"column":4},"end":{"line":21,"column":13}}],"line":17},"3":{"loc":{"start":{"line":18,"column":6},"end":{"line":19,"column":45}},"type":"binary-expr","locations":[{"start":{"line":18,"column":6},"end":{"line":18,"column":46}},{"start":{"line":19,"column":6},"end":{"line":19,"column":45}}],"line":18}},"s":{"0":12,"1":14,"2":1,"3":13,"4":10,"5":4,"6":6,"7":6,"8":6,"9":5},"f":{"0":12,"1":14,"2":6},"b":{"0":[1,13],"1":[13,11,10],"2":[4,6],"3":[10,5]},"_coverageSchema":"43e27e138ebf9cfc5966b082cf9a028302ed4184","hash":"c7dc1314b6e876d169741ee6b2449928192bd319"}
,"/Volumes/Files/VROTEBAL/app/utils/request.js": {"path":"/Volumes/Files/VROTEBAL/app/utils/request.js","statementMap":{"0":{"start":{"line":9,"column":2},"end":{"line":11,"column":3}},"1":{"start":{"line":10,"column":4},"end":{"line":10,"column":16}},"2":{"start":{"line":12,"column":2},"end":{"line":12,"column":25}},"3":{"start":{"line":23,"column":2},"end":{"line":25,"column":3}},"4":{"start":{"line":24,"column":4},"end":{"line":24,"column":20}},"5":{"start":{"line":27,"column":16},"end":{"line":27,"column":46}},"6":{"start":{"line":28,"column":2},"end":{"line":28,"column":28}},"7":{"start":{"line":29,"column":2},"end":{"line":29,"column":14}},"8":{"start":{"line":41,"column":2},"end":{"line":43,"column":21}}},"fnMap":{"0":{"name":"parseJSON","decl":{"start":{"line":8,"column":9},"end":{"line":8,"column":18}},"loc":{"start":{"line":8,"column":29},"end":{"line":13,"column":1}},"line":8},"1":{"name":"checkStatus","decl":{"start":{"line":22,"column":9},"end":{"line":22,"column":20}},"loc":{"start":{"line":22,"column":31},"end":{"line":30,"column":1}},"line":22},"2":{"name":"request","decl":{"start":{"line":40,"column":24},"end":{"line":40,"column":31}},"loc":{"start":{"line":40,"column":46},"end":{"line":44,"column":1}},"line":40}},"branchMap":{"0":{"loc":{"start":{"line":9,"column":2},"end":{"line":11,"column":3}},"type":"if","locations":[{"start":{"line":9,"column":2},"end":{"line":11,"column":3}},{"start":{"line":9,"column":2},"end":{"line":11,"column":3}}],"line":9},"1":{"loc":{"start":{"line":9,"column":6},"end":{"line":9,"column":56}},"type":"binary-expr","locations":[{"start":{"line":9,"column":6},"end":{"line":9,"column":29}},{"start":{"line":9,"column":33},"end":{"line":9,"column":56}}],"line":9},"2":{"loc":{"start":{"line":23,"column":2},"end":{"line":25,"column":3}},"type":"if","locations":[{"start":{"line":23,"column":2},"end":{"line":25,"column":3}},{"start":{"line":23,"column":2},"end":{"line":25,"column":3}}],"line":23},"3":{"loc":{"start":{"line":23,"column":6},"end":{"line":23,"column":53}},"type":"binary-expr","locations":[{"start":{"line":23,"column":6},"end":{"line":23,"column":28}},{"start":{"line":23,"column":32},"end":{"line":23,"column":53}}],"line":23}},"s":{"0":2,"1":1,"2":1,"3":3,"4":2,"5":1,"6":1,"7":1,"8":3},"f":{"0":2,"1":3,"2":3},"b":{"0":[1,1],"1":[2,1],"2":[2,1],"3":[3,3]},"_coverageSchema":"43e27e138ebf9cfc5966b082cf9a028302ed4184","hash":"1e785bd38ed3a5f7c16c348158200fa17db7d0db"}
,"/Volumes/Files/VROTEBAL/app/utils/sagaInjectors.js": {"path":"/Volumes/Files/VROTEBAL/app/utils/sagaInjectors.js","statementMap":{"0":{"start":{"line":7,"column":21},"end":{"line":7,"column":68}},"1":{"start":{"line":9,"column":17},"end":{"line":13,"column":3}},"2":{"start":{"line":10,"column":2},"end":{"line":13,"column":3}},"3":{"start":{"line":15,"column":24},"end":{"line":24,"column":1}},"4":{"start":{"line":16,"column":16},"end":{"line":19,"column":3}},"5":{"start":{"line":18,"column":18},"end":{"line":18,"column":63}},"6":{"start":{"line":20,"column":2},"end":{"line":23,"column":4}},"7":{"start":{"line":27,"column":2},"end":{"line":61,"column":4}},"8":{"start":{"line":28,"column":4},"end":{"line":28,"column":36}},"9":{"start":{"line":28,"column":18},"end":{"line":28,"column":36}},"10":{"start":{"line":30,"column":26},"end":{"line":33,"column":5}},"11":{"start":{"line":34,"column":27},"end":{"line":34,"column":40}},"12":{"start":{"line":36,"column":4},"end":{"line":36,"column":18}},"13":{"start":{"line":37,"column":4},"end":{"line":37,"column":35}},"14":{"start":{"line":39,"column":18},"end":{"line":39,"column":55}},"15":{"start":{"line":41,"column":4},"end":{"line":48,"column":5}},"16":{"start":{"line":42,"column":28},"end":{"line":42,"column":52}},"17":{"start":{"line":44,"column":6},"end":{"line":47,"column":7}},"18":{"start":{"line":45,"column":8},"end":{"line":45,"column":36}},"19":{"start":{"line":46,"column":8},"end":{"line":46,"column":24}},"20":{"start":{"line":50,"column":4},"end":{"line":60,"column":5}},"21":{"start":{"line":55,"column":6},"end":{"line":58,"column":8}},"22":{"start":{"line":65,"column":2},"end":{"line":81,"column":4}},"23":{"start":{"line":66,"column":4},"end":{"line":66,"column":36}},"24":{"start":{"line":66,"column":18},"end":{"line":66,"column":36}},"25":{"start":{"line":68,"column":4},"end":{"line":68,"column":18}},"26":{"start":{"line":70,"column":4},"end":{"line":80,"column":5}},"27":{"start":{"line":71,"column":25},"end":{"line":71,"column":49}},"28":{"start":{"line":72,"column":6},"end":{"line":79,"column":7}},"29":{"start":{"line":73,"column":8},"end":{"line":73,"column":33}},"30":{"start":{"line":75,"column":8},"end":{"line":78,"column":9}},"31":{"start":{"line":77,"column":10},"end":{"line":77,"column":44}},"32":{"start":{"line":85,"column":2},"end":{"line":85,"column":20}},"33":{"start":{"line":87,"column":2},"end":{"line":90,"column":4}}},"fnMap":{"0":{"name":"(anonymous_0)","decl":{"start":{"line":9,"column":17},"end":{"line":9,"column":18}},"loc":{"start":{"line":10,"column":2},"end":{"line":13,"column":3}},"line":10},"1":{"name":"(anonymous_1)","decl":{"start":{"line":15,"column":24},"end":{"line":15,"column":25}},"loc":{"start":{"line":15,"column":38},"end":{"line":24,"column":1}},"line":15},"2":{"name":"(anonymous_2)","decl":{"start":{"line":18,"column":10},"end":{"line":18,"column":11}},"loc":{"start":{"line":18,"column":18},"end":{"line":18,"column":63}},"line":18},"3":{"name":"injectSagaFactory","decl":{"start":{"line":26,"column":16},"end":{"line":26,"column":33}},"loc":{"start":{"line":26,"column":50},"end":{"line":62,"column":1}},"line":26},"4":{"name":"injectSaga","decl":{"start":{"line":27,"column":18},"end":{"line":27,"column":28}},"loc":{"start":{"line":27,"column":57},"end":{"line":61,"column":3}},"line":27},"5":{"name":"ejectSagaFactory","decl":{"start":{"line":64,"column":16},"end":{"line":64,"column":32}},"loc":{"start":{"line":64,"column":49},"end":{"line":82,"column":1}},"line":64},"6":{"name":"ejectSaga","decl":{"start":{"line":65,"column":18},"end":{"line":65,"column":27}},"loc":{"start":{"line":65,"column":33},"end":{"line":81,"column":3}},"line":65},"7":{"name":"getInjectors","decl":{"start":{"line":84,"column":24},"end":{"line":84,"column":36}},"loc":{"start":{"line":84,"column":44},"end":{"line":91,"column":1}},"line":84}},"branchMap":{"0":{"loc":{"start":{"line":11,"column":4},"end":{"line":11,"column":34}},"type":"binary-expr","locations":[{"start":{"line":11,"column":4},"end":{"line":11,"column":17}},{"start":{"line":11,"column":21},"end":{"line":11,"column":34}}],"line":11},"1":{"loc":{"start":{"line":18,"column":18},"end":{"line":18,"column":63}},"type":"binary-expr","locations":[{"start":{"line":18,"column":18},"end":{"line":18,"column":32}},{"start":{"line":18,"column":36},"end":{"line":18,"column":63}}],"line":18},"2":{"loc":{"start":{"line":27,"column":34},"end":{"line":27,"column":49}},"type":"default-arg","locations":[{"start":{"line":27,"column":47},"end":{"line":27,"column":49}}],"line":27},"3":{"loc":{"start":{"line":28,"column":4},"end":{"line":28,"column":36}},"type":"if","locations":[{"start":{"line":28,"column":4},"end":{"line":28,"column":36}},{"start":{"line":28,"column":4},"end":{"line":28,"column":36}}],"line":28},"4":{"loc":{"start":{"line":32,"column":12},"end":{"line":32,"column":37}},"type":"binary-expr","locations":[{"start":{"line":32,"column":12},"end":{"line":32,"column":27}},{"start":{"line":32,"column":31},"end":{"line":32,"column":37}}],"line":32},"5":{"loc":{"start":{"line":41,"column":4},"end":{"line":48,"column":5}},"type":"if","locations":[{"start":{"line":41,"column":4},"end":{"line":48,"column":5}},{"start":{"line":41,"column":4},"end":{"line":48,"column":5}}],"line":41},"6":{"loc":{"start":{"line":44,"column":6},"end":{"line":47,"column":7}},"type":"if","locations":[{"start":{"line":44,"column":6},"end":{"line":47,"column":7}},{"start":{"line":44,"column":6},"end":{"line":47,"column":7}}],"line":44},"7":{"loc":{"start":{"line":44,"column":10},"end":{"line":44,"column":48}},"type":"binary-expr","locations":[{"start":{"line":44,"column":10},"end":{"line":44,"column":17}},{"start":{"line":44,"column":21},"end":{"line":44,"column":48}}],"line":44},"8":{"loc":{"start":{"line":50,"column":4},"end":{"line":60,"column":5}},"type":"if","locations":[{"start":{"line":50,"column":4},"end":{"line":60,"column":5}},{"start":{"line":50,"column":4},"end":{"line":60,"column":5}}],"line":50},"9":{"loc":{"start":{"line":51,"column":6},"end":{"line":52,"column":64}},"type":"binary-expr","locations":[{"start":{"line":51,"column":6},"end":{"line":51,"column":14}},{"start":{"line":52,"column":7},"end":{"line":52,"column":14}},{"start":{"line":52,"column":18},"end":{"line":52,"column":33}},{"start":{"line":52,"column":37},"end":{"line":52,"column":63}}],"line":51},"10":{"loc":{"start":{"line":66,"column":4},"end":{"line":66,"column":36}},"type":"if","locations":[{"start":{"line":66,"column":4},"end":{"line":66,"column":36}},{"start":{"line":66,"column":4},"end":{"line":66,"column":36}}],"line":66},"11":{"loc":{"start":{"line":70,"column":4},"end":{"line":80,"column":5}},"type":"if","locations":[{"start":{"line":70,"column":4},"end":{"line":80,"column":5}},{"start":{"line":70,"column":4},"end":{"line":80,"column":5}}],"line":70},"12":{"loc":{"start":{"line":72,"column":6},"end":{"line":79,"column":7}},"type":"if","locations":[{"start":{"line":72,"column":6},"end":{"line":79,"column":7}},{"start":{"line":72,"column":6},"end":{"line":79,"column":7}}],"line":72},"13":{"loc":{"start":{"line":72,"column":10},"end":{"line":72,"column":55}},"type":"binary-expr","locations":[{"start":{"line":72,"column":10},"end":{"line":72,"column":25}},{"start":{"line":72,"column":29},"end":{"line":72,"column":55}}],"line":72},"14":{"loc":{"start":{"line":75,"column":8},"end":{"line":78,"column":9}},"type":"if","locations":[{"start":{"line":75,"column":8},"end":{"line":78,"column":9}},{"start":{"line":75,"column":8},"end":{"line":78,"column":9}}],"line":75}},"s":{"0":3,"1":3,"2":44,"3":3,"4":28,"5":28,"6":28,"7":25,"8":31,"9":1,"10":30,"11":30,"12":30,"13":28,"14":24,"15":24,"16":20,"17":20,"18":1,"19":1,"20":24,"21":16,"22":25,"23":15,"24":1,"25":14,"26":12,"27":11,"28":11,"29":3,"30":3,"31":2,"32":6,"33":5},"f":{"0":44,"1":28,"2":28,"3":25,"4":31,"5":25,"6":15,"7":6},"b":{"0":[44,42],"1":[28,27],"2":[1],"3":[1,30],"4":[30,14],"5":[20,4],"6":[1,19],"7":[20,8],"8":[16,8],"9":[24,8,8,2],"10":[1,14],"11":[11,1],"12":[3,8],"13":[11,11],"14":[2,1]},"_coverageSchema":"43e27e138ebf9cfc5966b082cf9a028302ed4184","hash":"f39029fd95c4ee828b99a5d52345c2fdd9d20471"}
}
