TN:
SF:/Volumes/Files/VROTEBAL/app/configureStore.js
FN:10,configureStore
FNF:1
FNH:1
FNDA:47,configureStore
DA:11,47
DA:12,47
DA:30,47
DA:35,47
DA:37,47
DA:39,47
DA:46,47
DA:47,47
DA:48,47
DA:58,47
LF:10
LH:10
BRDA:10,0,0,1
BRF:1
BRH:1
end_of_record
TN:
SF:/Volumes/Files/VROTEBAL/app/i18n.js
FN:28,(anonymous_0)
FN:33,(anonymous_1)
FNF:2
FNH:2
FNDA:63,(anonymous_0)
FNDA:1691,(anonymous_1)
DA:10,20
DA:11,20
DA:12,20
DA:14,20
DA:15,20
DA:17,20
DA:18,20
DA:20,20
DA:23,20
DA:28,20
DA:30,63
DA:33,63
DA:35,1691
DA:38,1691
DA:40,63
DA:43,20
DA:48,20
DA:49,20
DA:50,20
DA:51,20
LF:20
LH:20
BRDA:30,0,0,21
BRDA:30,0,1,42
BRDA:35,1,0,161
BRDA:35,1,1,1530
BRDA:35,2,0,1691
BRDA:35,2,1,161
BRF:6
BRH:6
end_of_record
TN:
SF:/Volumes/Files/VROTEBAL/app/reducers.js
FN:15,createReducer
FNF:1
FNH:1
FNDA:53,createReducer
DA:16,53
DA:23,53
LF:2
LH:2
BRDA:15,0,0,47
BRF:1
BRH:1
end_of_record
TN:
SF:/Volumes/Files/VROTEBAL/app/components/A/index.js
FNF:0
FNH:0
DA:7,10
LF:1
LH:1
BRF:0
BRH:0
end_of_record
TN:
SF:/Volumes/Files/VROTEBAL/app/components/Button/A.js
FNF:0
FNH:0
DA:5,2
LF:1
LH:1
BRF:0
BRH:0
end_of_record
TN:
SF:/Volumes/Files/VROTEBAL/app/components/Button/StyledButton.js
FNF:0
FNH:0
DA:5,2
LF:1
LH:1
BRF:0
BRH:0
end_of_record
TN:
SF:/Volumes/Files/VROTEBAL/app/components/Button/Wrapper.js
FNF:0
FNH:0
DA:3,2
LF:1
LH:1
BRF:0
BRH:0
end_of_record
TN:
SF:/Volumes/Files/VROTEBAL/app/components/Button/buttonStyles.js
FNF:0
FNH:0
DA:3,3
LF:1
LH:1
BRF:0
BRH:0
end_of_record
TN:
SF:/Volumes/Files/VROTEBAL/app/components/Button/index.js
FN:16,Button
FNF:1
FNH:1
FNDA:7,Button
DA:19,7
DA:25,7
DA:26,2
DA:33,7
DA:36,1
LF:5
LH:5
BRDA:25,0,0,2
BRDA:25,0,1,5
BRF:2
BRH:2
end_of_record
TN:
SF:/Volumes/Files/VROTEBAL/app/components/Footer/Wrapper.js
FNF:0
FNH:0
DA:3,3
LF:1
LH:1
BRF:0
BRH:0
end_of_record
TN:
SF:/Volumes/Files/VROTEBAL/app/components/Footer/index.js
FN:9,Footer
FNF:1
FNH:1
FNDA:1,Footer
DA:10,1
LF:1
LH:1
BRF:0
BRH:0
end_of_record
TN:
SF:/Volumes/Files/VROTEBAL/app/components/Footer/messages.js
FNF:0
FNH:0
DA:8,2
LF:1
LH:1
BRF:0
BRH:0
end_of_record
TN:
SF:/Volumes/Files/VROTEBAL/app/components/H1/index.js
FNF:0
FNH:0
DA:3,3
LF:1
LH:1
BRF:0
BRH:0
end_of_record
TN:
SF:/Volumes/Files/VROTEBAL/app/components/H2/index.js
FNF:0
FNH:0
DA:3,2
LF:1
LH:1
BRF:0
BRH:0
end_of_record
TN:
SF:/Volumes/Files/VROTEBAL/app/components/H3/index.js
FN:3,H3
FNF:1
FNH:1
FNDA:2,H3
DA:4,2
LF:1
LH:1
BRF:0
BRH:0
end_of_record
TN:
SF:/Volumes/Files/VROTEBAL/app/components/Header/A.js
FNF:0
FNH:0
DA:4,3
LF:1
LH:1
BRF:0
BRH:0
end_of_record
TN:
SF:/Volumes/Files/VROTEBAL/app/components/Header/HeaderLink.js
FNF:0
FNH:0
LF:0
LH:0
BRF:0
BRH:0
end_of_record
TN:
SF:/Volumes/Files/VROTEBAL/app/components/Header/Img.js
FNF:0
FNH:0
DA:5,3
LF:1
LH:1
BRF:0
BRH:0
end_of_record
TN:
SF:/Volumes/Files/VROTEBAL/app/components/Header/NavBar.js
FNF:0
FNH:0
LF:0
LH:0
BRF:0
BRH:0
end_of_record
TN:
SF:/Volumes/Files/VROTEBAL/app/components/Header/index.js
FN:11,Header
FNF:1
FNH:1
FNDA:1,Header
DA:12,1
LF:1
LH:1
BRF:0
BRH:0
end_of_record
TN:
SF:/Volumes/Files/VROTEBAL/app/components/Header/messages.js
FNF:0
FNH:0
DA:8,2
LF:1
LH:1
BRF:0
BRH:0
end_of_record
TN:
SF:/Volumes/Files/VROTEBAL/app/components/Img/index.js
FN:11,Img
FNF:1
FNH:1
FNDA:11,Img
DA:12,11
DA:16,4
LF:2
LH:2
BRF:0
BRH:0
end_of_record
TN:
SF:/Volumes/Files/VROTEBAL/app/components/IssueIcon/index.js
FN:4,IssueIcon
FNF:1
FNH:1
FNDA:12,IssueIcon
DA:5,12
DA:12,5
LF:2
LH:2
BRF:0
BRH:0
end_of_record
TN:
SF:/Volumes/Files/VROTEBAL/app/components/List/Ul.js
FNF:0
FNH:0
DA:3,4
LF:1
LH:1
BRF:0
BRH:0
end_of_record
TN:
SF:/Volumes/Files/VROTEBAL/app/components/List/Wrapper.js
FNF:0
FNH:0
DA:3,4
LF:1
LH:1
BRF:0
BRH:0
end_of_record
TN:
SF:/Volumes/Files/VROTEBAL/app/components/List/index.js
FN:7,List
FN:13,(anonymous_1)
FNF:2
FNH:2
FNDA:9,List
FNDA:3,(anonymous_1)
DA:8,9
DA:9,9
DA:12,9
DA:13,3
DA:14,3
DA:18,6
DA:21,9
DA:28,3
LF:8
LH:8
BRDA:12,0,0,3
BRDA:12,0,1,6
BRF:2
BRH:2
end_of_record
TN:
SF:/Volumes/Files/VROTEBAL/app/components/ListItem/Item.js
FNF:0
FNH:0
DA:3,5
LF:1
LH:1
BRF:0
BRH:0
end_of_record
TN:
SF:/Volumes/Files/VROTEBAL/app/components/ListItem/Wrapper.js
FNF:0
FNH:0
DA:3,5
LF:1
LH:1
BRF:0
BRH:0
end_of_record
TN:
SF:/Volumes/Files/VROTEBAL/app/components/ListItem/index.js
FN:7,ListItem
FNF:1
FNH:1
FNDA:13,ListItem
DA:8,13
DA:15,4
LF:2
LH:2
BRF:0
BRH:0
end_of_record
TN:
SF:/Volumes/Files/VROTEBAL/app/components/LoadingIndicator/Circle.js
FN:17,(anonymous_0)
FNF:1
FNH:1
FNDA:27,(anonymous_0)
DA:5,6
DA:17,6
DA:18,27
DA:45,27
DA:48,6
LF:5
LH:5
BRDA:24,0,0,27
BRDA:24,0,1,22
BRDA:38,1,0,27
BRDA:38,1,1,22
BRF:4
BRH:4
end_of_record
TN:
SF:/Volumes/Files/VROTEBAL/app/components/LoadingIndicator/Wrapper.js
FNF:0
FNH:0
DA:3,6
LF:1
LH:1
BRF:0
BRH:0
end_of_record
TN:
SF:/Volumes/Files/VROTEBAL/app/components/LoadingIndicator/index.js
FN:6,(anonymous_0)
FNF:1
FNH:1
FNDA:2,(anonymous_0)
DA:6,5
DA:7,2
LF:2
LH:2
BRF:0
BRH:0
end_of_record
TN:
SF:/Volumes/Files/VROTEBAL/app/components/ReposList/index.js
FN:9,ReposList
FN:15,(anonymous_1)
FNF:2
FNH:2
FNDA:8,ReposList
FNDA:4,(anonymous_1)
DA:10,8
DA:11,1
DA:14,7
DA:15,4
DA:16,4
DA:18,4
DA:21,3
DA:22,2
DA:25,1
DA:28,2
LF:10
LH:10
BRDA:10,0,0,1
BRDA:10,0,1,7
BRDA:14,1,0,4
BRDA:14,1,1,3
BRDA:21,2,0,2
BRDA:21,2,1,1
BRF:6
BRH:6
end_of_record
TN:
SF:/Volumes/Files/VROTEBAL/app/components/Toggle/Select.js
FNF:0
FNH:0
DA:3,5
LF:1
LH:1
BRF:0
BRH:0
end_of_record
TN:
SF:/Volumes/Files/VROTEBAL/app/components/Toggle/index.js
FN:13,Toggle
FN:18,(anonymous_1)
FNF:2
FNH:2
FNDA:5,Toggle
FNDA:8,(anonymous_1)
DA:14,5
DA:17,5
DA:18,4
DA:19,8
DA:23,5
DA:30,4
LF:6
LH:6
BRDA:17,0,0,4
BRDA:17,0,1,1
BRF:2
BRH:2
end_of_record
TN:
SF:/Volumes/Files/VROTEBAL/app/components/ToggleOption/index.js
FN:11,(anonymous_0)
FNF:1
FNH:1
FNDA:10,(anonymous_0)
DA:11,5
DA:12,10
DA:15,5
LF:3
LH:3
BRDA:12,0,0,9
BRDA:12,0,1,1
BRF:2
BRH:2
end_of_record
TN:
SF:/Volumes/Files/VROTEBAL/app/containers/App/actions.js
FN:25,loadRepos
FN:39,reposLoaded
FN:54,repoLoadingError
FNF:3
FNH:3
FNDA:5,loadRepos
FNDA:4,reposLoaded
FNDA:4,repoLoadingError
DA:26,5
DA:40,4
DA:55,4
LF:3
LH:3
BRF:0
BRH:0
end_of_record
TN:
SF:/Volumes/Files/VROTEBAL/app/containers/App/constants.js
FNF:0
FNH:0
DA:12,17
DA:13,17
DA:14,17
LF:3
LH:3
BRF:0
BRH:0
end_of_record
TN:
SF:/Volumes/Files/VROTEBAL/app/containers/App/index.js
FN:31,App
FNF:1
FNH:1
FNDA:1,App
DA:22,1
DA:32,1
LF:2
LH:2
BRF:0
BRH:0
end_of_record
TN:
SF:/Volumes/Files/VROTEBAL/app/containers/App/reducer.js
FN:24,(anonymous_0)
FN:25,(anonymous_1)
FNF:2
FNH:2
FNDA:169,(anonymous_0)
FNDA:169,(anonymous_1)
DA:14,15
DA:24,15
DA:25,169
DA:26,169
DA:28,1
DA:29,1
DA:30,1
DA:31,1
DA:34,1
DA:35,1
DA:36,1
DA:37,1
DA:40,1
DA:41,1
DA:42,1
LF:15
LH:15
BRDA:24,0,0,153
BRDA:26,1,0,1
BRDA:26,1,1,1
BRDA:26,1,2,1
BRF:4
BRH:4
end_of_record
TN:
SF:/Volumes/Files/VROTEBAL/app/containers/App/selectors.js
FN:8,(anonymous_0)
FN:10,(anonymous_1)
FN:12,(anonymous_2)
FN:15,(anonymous_3)
FN:18,(anonymous_4)
FN:21,(anonymous_5)
FN:24,(anonymous_6)
FN:27,(anonymous_7)
FN:30,(anonymous_8)
FN:33,(anonymous_9)
FN:36,(anonymous_10)
FN:39,(anonymous_11)
FNF:12
FNH:12
FNDA:6,(anonymous_0)
FNDA:2,(anonymous_1)
FNDA:4,(anonymous_2)
FNDA:2,(anonymous_3)
FNDA:2,(anonymous_4)
FNDA:1,(anonymous_5)
FNDA:2,(anonymous_6)
FNDA:1,(anonymous_7)
FNDA:2,(anonymous_8)
FNDA:1,(anonymous_9)
FNDA:2,(anonymous_10)
FNDA:2,(anonymous_11)
DA:8,6
DA:10,5
DA:12,5
DA:13,4
DA:15,2
DA:18,5
DA:19,2
DA:21,1
DA:24,5
DA:25,2
DA:27,1
DA:30,5
DA:31,2
DA:33,1
DA:36,5
DA:37,2
DA:39,2
LF:17
LH:17
BRDA:8,0,0,6
BRDA:8,0,1,0
BRF:2
BRH:1
end_of_record
TN:
SF:/Volumes/Files/VROTEBAL/app/containers/FeaturePage/List.js
FNF:0
FNH:0
DA:3,2
LF:1
LH:1
BRF:0
BRH:0
end_of_record
TN:
SF:/Volumes/Files/VROTEBAL/app/containers/FeaturePage/ListItem.js
FNF:0
FNH:0
DA:3,2
LF:1
LH:1
BRF:0
BRH:0
end_of_record
TN:
SF:/Volumes/Files/VROTEBAL/app/containers/FeaturePage/ListItemTitle.js
FNF:0
FNH:0
DA:3,2
LF:1
LH:1
BRF:0
BRH:0
end_of_record
TN:
SF:/Volumes/Files/VROTEBAL/app/containers/FeaturePage/index.js
FN:16,FeaturePage
FNF:1
FNH:1
FNDA:1,FeaturePage
DA:17,1
LF:1
LH:1
BRF:0
BRH:0
end_of_record
TN:
SF:/Volumes/Files/VROTEBAL/app/containers/FeaturePage/messages.js
FNF:0
FNH:0
DA:8,1
LF:1
LH:1
BRF:0
BRH:0
end_of_record
TN:
SF:/Volumes/Files/VROTEBAL/app/containers/HomePage/AtPrefix.js
FNF:0
FNH:0
DA:3,2
LF:1
LH:1
BRF:0
BRH:0
end_of_record
TN:
SF:/Volumes/Files/VROTEBAL/app/containers/HomePage/CenteredSection.js
FNF:0
FNH:0
DA:4,2
LF:1
LH:1
BRF:0
BRH:0
end_of_record
TN:
SF:/Volumes/Files/VROTEBAL/app/containers/HomePage/Form.js
FNF:0
FNH:0
DA:3,2
LF:1
LH:1
BRF:0
BRH:0
end_of_record
TN:
SF:/Volumes/Files/VROTEBAL/app/containers/HomePage/Input.js
FNF:0
FNH:0
DA:3,2
LF:1
LH:1
BRF:0
BRH:0
end_of_record
TN:
SF:/Volumes/Files/VROTEBAL/app/containers/HomePage/Section.js
FNF:0
FNH:0
DA:3,3
LF:1
LH:1
BRF:0
BRH:0
end_of_record
TN:
SF:/Volumes/Files/VROTEBAL/app/containers/HomePage/actions.js
FN:27,changeUsername
FNF:1
FNH:1
FNDA:4,changeUsername
DA:28,4
LF:1
LH:1
BRF:0
BRH:0
end_of_record
TN:
SF:/Volumes/Files/VROTEBAL/app/containers/HomePage/constants.js
FNF:0
FNH:0
DA:12,5
LF:1
LH:1
BRF:0
BRH:0
end_of_record
TN:
SF:/Volumes/Files/VROTEBAL/app/containers/HomePage/index.js
FN:38,HomePage
FN:49,(anonymous_1)
FN:120,mapDispatchToProps
FN:122,(anonymous_3)
FN:123,(anonymous_4)
FNF:5
FNH:5
FNDA:4,HomePage
FNDA:4,(anonymous_1)
FNDA:5,mapDispatchToProps
FNDA:1,(anonymous_3)
FNDA:2,(anonymous_4)
DA:36,1
DA:46,4
DA:47,4
DA:49,4
DA:51,4
DA:54,4
DA:60,4
DA:104,1
DA:113,1
DA:121,5
DA:122,1
DA:124,2
DA:125,2
DA:130,1
LF:14
LH:14
BRDA:51,0,0,1
BRDA:51,0,1,3
BRDA:51,1,0,4
BRDA:51,1,1,1
BRDA:124,2,0,1
BRDA:124,2,1,1
BRDA:124,3,0,2
BRDA:124,3,1,1
BRF:8
BRH:8
end_of_record
TN:
SF:/Volumes/Files/VROTEBAL/app/containers/HomePage/messages.js
FNF:0
FNH:0
DA:8,1
LF:1
LH:1
BRF:0
BRH:0
end_of_record
TN:
SF:/Volumes/Files/VROTEBAL/app/containers/HomePage/reducer.js
FN:19,(anonymous_0)
FN:20,(anonymous_1)
FNF:2
FNH:2
FNDA:5,(anonymous_0)
FNDA:5,(anonymous_1)
DA:14,4
DA:19,4
DA:20,5
DA:21,5
DA:24,1
DA:25,1
LF:6
LH:6
BRDA:19,0,0,4
BRDA:21,1,0,1
BRF:2
BRH:2
end_of_record
TN:
SF:/Volumes/Files/VROTEBAL/app/containers/HomePage/saga.js
FN:15,getRepos
FN:32,githubData
FNF:2
FNH:2
FNDA:2,getRepos
FNDA:2,githubData
DA:17,2
DA:18,2
DA:20,2
DA:22,2
DA:23,1
DA:25,1
DA:37,2
LF:7
LH:7
BRF:0
BRH:0
end_of_record
TN:
SF:/Volumes/Files/VROTEBAL/app/containers/HomePage/selectors.js
FN:8,(anonymous_0)
FN:10,(anonymous_1)
FN:13,(anonymous_2)
FNF:3
FNH:3
FNDA:2,(anonymous_0)
FNDA:4,(anonymous_1)
FNDA:1,(anonymous_2)
DA:8,3
DA:10,3
DA:11,4
DA:13,1
LF:4
LH:4
BRDA:8,0,0,2
BRDA:8,0,1,0
BRF:2
BRH:1
end_of_record
TN:
SF:/Volumes/Files/VROTEBAL/app/containers/LanguageProvider/actions.js
FN:9,changeLocale
FNF:1
FNH:1
FNDA:3,changeLocale
DA:10,3
LF:1
LH:1
BRF:0
BRH:0
end_of_record
TN:
SF:/Volumes/Files/VROTEBAL/app/containers/LanguageProvider/constants.js
FNF:0
FNH:0
DA:7,20
LF:1
LH:1
BRF:0
BRH:0
end_of_record
TN:
SF:/Volumes/Files/VROTEBAL/app/containers/LanguageProvider/index.js
FN:17,LanguageProvider
FN:37,(anonymous_1)
FNF:2
FNH:2
FNDA:4,LanguageProvider
FNDA:2,(anonymous_1)
DA:18,4
DA:29,2
DA:35,2
DA:37,2
LF:4
LH:4
BRF:0
BRH:0
end_of_record
TN:
SF:/Volumes/Files/VROTEBAL/app/containers/LanguageProvider/reducer.js
FN:17,(anonymous_0)
FN:18,(anonymous_1)
FNF:2
FNH:2
FNDA:307,(anonymous_0)
FNDA:307,(anonymous_1)
DA:12,19
DA:17,19
DA:18,307
DA:19,307
DA:21,1
DA:22,1
LF:6
LH:6
BRDA:17,0,0,285
BRDA:19,1,0,1
BRF:2
BRH:2
end_of_record
TN:
SF:/Volumes/Files/VROTEBAL/app/containers/LanguageProvider/selectors.js
FN:8,(anonymous_0)
FN:14,(anonymous_1)
FN:17,(anonymous_2)
FNF:3
FNH:3
FNDA:7,(anonymous_0)
FNDA:5,(anonymous_1)
FNDA:4,(anonymous_2)
DA:8,7
DA:14,5
DA:15,5
DA:17,4
LF:4
LH:4
BRDA:8,0,0,7
BRDA:8,0,1,0
BRF:2
BRH:1
end_of_record
TN:
SF:/Volumes/Files/VROTEBAL/app/containers/LocaleToggle/Wrapper.js
FNF:0
FNH:0
DA:3,4
LF:1
LH:1
BRF:0
BRH:0
end_of_record
TN:
SF:/Volumes/Files/VROTEBAL/app/containers/LocaleToggle/index.js
FN:19,LocaleToggle
FN:39,(anonymous_1)
FN:44,mapDispatchToProps
FN:46,(anonymous_3)
FNF:4
FNH:4
FNDA:3,LocaleToggle
FNDA:2,(anonymous_1)
FNDA:5,mapDispatchToProps
FNDA:1,(anonymous_3)
DA:20,3
DA:32,3
DA:37,3
DA:39,2
DA:45,5
DA:46,1
LF:6
LH:6
BRF:0
BRH:0
end_of_record
TN:
SF:/Volumes/Files/VROTEBAL/app/containers/LocaleToggle/messages.js
FNF:0
FNH:0
DA:8,3
LF:1
LH:1
BRF:0
BRH:0
end_of_record
TN:
SF:/Volumes/Files/VROTEBAL/app/containers/NotFoundPage/index.js
FN:13,NotFound
FNF:1
FNH:1
FNDA:1,NotFound
DA:14,1
LF:1
LH:1
BRF:0
BRH:0
end_of_record
TN:
SF:/Volumes/Files/VROTEBAL/app/containers/NotFoundPage/messages.js
FNF:0
FNH:0
DA:8,1
LF:1
LH:1
BRF:0
BRH:0
end_of_record
TN:
SF:/Volumes/Files/VROTEBAL/app/containers/RepoListItem/IssueIcon.js
FNF:0
FNH:0
DA:5,4
LF:1
LH:1
BRF:0
BRH:0
end_of_record
TN:
SF:/Volumes/Files/VROTEBAL/app/containers/RepoListItem/IssueLink.js
FNF:0
FNH:0
DA:4,4
LF:1
LH:1
BRF:0
BRH:0
end_of_record
TN:
SF:/Volumes/Files/VROTEBAL/app/containers/RepoListItem/RepoLink.js
FNF:0
FNH:0
DA:4,4
LF:1
LH:1
BRF:0
BRH:0
end_of_record
TN:
SF:/Volumes/Files/VROTEBAL/app/containers/RepoListItem/Wrapper.js
FNF:0
FNH:0
DA:3,4
LF:1
LH:1
BRF:0
BRH:0
end_of_record
TN:
SF:/Volumes/Files/VROTEBAL/app/containers/RepoListItem/index.js
FN:20,RepoListItem
FNF:1
FNH:1
FNDA:7,RepoListItem
DA:21,7
DA:22,7
DA:26,7
DA:27,5
DA:32,7
DA:44,7
DA:47,3
LF:7
LH:7
BRDA:26,0,0,5
BRDA:26,0,1,2
BRF:2
BRH:2
end_of_record
TN:
SF:/Volumes/Files/VROTEBAL/app/utils/checkStore.js
FN:7,checkStore
FNF:1
FNH:1
FNDA:21,checkStore
DA:8,21
DA:17,21
LF:2
LH:2
BRF:0
BRH:0
end_of_record
TN:
SF:/Volumes/Files/VROTEBAL/app/utils/constants.js
FNF:0
FNH:0
DA:1,3
DA:2,3
DA:3,3
LF:3
LH:3
BRF:0
BRH:0
end_of_record
TN:
SF:/Volumes/Files/VROTEBAL/app/utils/history.js
FNF:0
FNH:0
DA:2,16
LF:1
LH:1
BRF:0
BRH:0
end_of_record
TN:
SF:/Volumes/Files/VROTEBAL/app/utils/injectReducer.js
FN:14,(anonymous_0)
FN:14,(anonymous_1)
FN:24,(anonymous_2)
FN:30,(anonymous_3)
FN:38,(anonymous_4)
FN:40,(anonymous_5)
FNF:6
FNH:6
FNDA:4,(anonymous_0)
FNDA:4,(anonymous_1)
FNDA:2,(anonymous_2)
FNDA:2,(anonymous_3)
FNDA:5,(anonymous_4)
FNDA:5,(anonymous_5)
DA:14,4
DA:25,2
DA:27,2
DA:31,2
DA:35,4
DA:38,2
DA:39,5
DA:40,5
DA:41,5
LF:9
LH:9
BRDA:20,0,0,4
BRDA:20,0,1,4
BRDA:20,0,2,1
BRF:3
BRH:3
end_of_record
TN:
SF:/Volumes/Files/VROTEBAL/app/utils/injectSaga.js
FN:19,(anonymous_0)
FN:19,(anonymous_1)
FN:29,(anonymous_2)
FN:37,(anonymous_3)
FN:41,(anonymous_4)
FN:49,(anonymous_5)
FN:51,(anonymous_6)
FN:55,(anonymous_7)
FNF:8
FNH:8
FNDA:5,(anonymous_0)
FNDA:5,(anonymous_1)
FNDA:3,(anonymous_2)
FNDA:1,(anonymous_3)
FNDA:3,(anonymous_4)
FNDA:6,(anonymous_5)
FNDA:6,(anonymous_6)
FNDA:6,(anonymous_7)
DA:19,5
DA:30,3
DA:32,3
DA:34,3
DA:38,1
DA:42,3
DA:46,5
DA:49,2
DA:50,6
DA:51,6
DA:52,6
DA:53,6
DA:55,6
DA:56,6
LF:14
LH:14
BRDA:25,0,0,5
BRDA:25,0,1,5
BRDA:25,0,2,1
BRF:3
BRH:3
end_of_record
TN:
SF:/Volumes/Files/VROTEBAL/app/utils/loadable.js
FN:3,(anonymous_0)
FN:6,(anonymous_1)
FNF:2
FNH:1
FNDA:5,(anonymous_0)
FNDA:0,(anonymous_1)
DA:3,2
DA:4,5
DA:6,5
DA:7,0
LF:4
LH:3
BRDA:3,0,0,0
BRDA:3,1,0,0
BRF:2
BRH:0
end_of_record
TN:
SF:/Volumes/Files/VROTEBAL/app/utils/reducerInjectors.js
FN:7,injectReducerFactory
FN:8,injectReducer
FN:28,getInjectors
FNF:3
FNH:3
FNDA:12,injectReducerFactory
FNDA:14,injectReducer
FNDA:6,getInjectors
DA:8,12
DA:9,14
DA:11,13
DA:17,10
DA:21,4
DA:23,6
DA:24,6
DA:29,6
DA:31,5
LF:9
LH:9
BRDA:9,0,0,1
BRDA:9,0,1,13
BRDA:12,1,0,13
BRDA:12,1,1,11
BRDA:12,1,2,10
BRDA:17,2,0,4
BRDA:17,2,1,6
BRDA:18,3,0,10
BRDA:18,3,1,5
BRF:9
BRH:9
end_of_record
TN:
SF:/Volumes/Files/VROTEBAL/app/utils/request.js
FN:8,parseJSON
FN:22,checkStatus
FN:40,request
FNF:3
FNH:3
FNDA:2,parseJSON
FNDA:3,checkStatus
FNDA:3,request
DA:9,2
DA:10,1
DA:12,1
DA:23,3
DA:24,2
DA:27,1
DA:28,1
DA:29,1
DA:41,3
LF:9
LH:9
BRDA:9,0,0,1
BRDA:9,0,1,1
BRDA:9,1,0,2
BRDA:9,1,1,1
BRDA:23,2,0,2
BRDA:23,2,1,1
BRDA:23,3,0,3
BRDA:23,3,1,3
BRF:8
BRH:8
end_of_record
TN:
SF:/Volumes/Files/VROTEBAL/app/utils/sagaInjectors.js
FN:9,(anonymous_0)
FN:15,(anonymous_1)
FN:18,(anonymous_2)
FN:26,injectSagaFactory
FN:27,injectSaga
FN:64,ejectSagaFactory
FN:65,ejectSaga
FN:84,getInjectors
FNF:8
FNH:8
FNDA:44,(anonymous_0)
FNDA:28,(anonymous_1)
FNDA:28,(anonymous_2)
FNDA:25,injectSagaFactory
FNDA:31,injectSaga
FNDA:25,ejectSagaFactory
FNDA:15,ejectSaga
FNDA:6,getInjectors
DA:7,3
DA:9,3
DA:10,44
DA:15,3
DA:16,28
DA:18,28
DA:20,28
DA:27,25
DA:28,31
DA:30,30
DA:34,30
DA:36,30
DA:37,28
DA:39,24
DA:41,24
DA:42,20
DA:44,20
DA:45,1
DA:46,1
DA:50,24
DA:55,16
DA:65,25
DA:66,15
DA:68,14
DA:70,12
DA:71,11
DA:72,11
DA:73,3
DA:75,3
DA:77,2
DA:85,6
DA:87,5
LF:32
LH:32
BRDA:11,0,0,44
BRDA:11,0,1,42
BRDA:18,1,0,28
BRDA:18,1,1,27
BRDA:27,2,0,1
BRDA:28,3,0,1
BRDA:28,3,1,30
BRDA:32,4,0,30
BRDA:32,4,1,14
BRDA:41,5,0,20
BRDA:41,5,1,4
BRDA:44,6,0,1
BRDA:44,6,1,19
BRDA:44,7,0,20
BRDA:44,7,1,8
BRDA:50,8,0,16
BRDA:50,8,1,8
BRDA:51,9,0,24
BRDA:51,9,1,8
BRDA:51,9,2,8
BRDA:51,9,3,2
BRDA:66,10,0,1
BRDA:66,10,1,14
BRDA:70,11,0,11
BRDA:70,11,1,1
BRDA:72,12,0,3
BRDA:72,12,1,8
BRDA:72,13,0,11
BRDA:72,13,1,11
BRDA:75,14,0,2
BRDA:75,14,1,1
BRF:31
BRH:31
end_of_record
